{"D:\\Hacktiv8\\Phase 3\\Final Project\\impression-server\\app.js": {"path":"D:\\Hacktiv8\\Phase 3\\Final Project\\impression-server\\app.js","statementMap":{"0":{"start":{"line":1,"column":0},"end":{"line":3,"column":1}},"1":{"start":{"line":2,"column":2},"end":{"line":2,"column":29}},"2":{"start":{"line":4,"column":16},"end":{"line":4,"column":34}},"3":{"start":{"line":5,"column":13},"end":{"line":5,"column":28}},"4":{"start":{"line":6,"column":21},"end":{"line":6,"column":45}},"5":{"start":{"line":7,"column":15},"end":{"line":7,"column":35}},"6":{"start":{"line":9,"column":12},"end":{"line":9,"column":21}},"7":{"start":{"line":11,"column":0},"end":{"line":14,"column":4}},"8":{"start":{"line":15,"column":0},"end":{"line":15,"column":24}},"9":{"start":{"line":16,"column":0},"end":{"line":16,"column":48}},"10":{"start":{"line":17,"column":0},"end":{"line":17,"column":24}},"11":{"start":{"line":19,"column":0},"end":{"line":19,"column":16}},"12":{"start":{"line":21,"column":21},"end":{"line":21,"column":58}},"13":{"start":{"line":22,"column":0},"end":{"line":22,"column":22}},"14":{"start":{"line":24,"column":0},"end":{"line":24,"column":21}}},"fnMap":{},"branchMap":{"0":{"loc":{"start":{"line":1,"column":0},"end":{"line":3,"column":1}},"type":"if","locations":[{"start":{"line":1,"column":0},"end":{"line":3,"column":1}},{"start":{},"end":{}}],"line":1}},"s":{"0":6,"1":6,"2":6,"3":6,"4":6,"5":6,"6":6,"7":6,"8":6,"9":6,"10":6,"11":6,"12":6,"13":6,"14":6},"f":{},"b":{"0":[6,0]},"_coverageSchema":"1a1c01bbd47fc00a2c39e90264f33305004495a9","hash":"aa8fd51878333c0c68c315511a8434d4cff95339"}
,"D:\\Hacktiv8\\Phase 3\\Final Project\\impression-server\\controllers\\authController.js": {"path":"D:\\Hacktiv8\\Phase 3\\Final Project\\impression-server\\controllers\\authController.js","statementMap":{"0":{"start":{"line":1,"column":28},"end":{"line":1,"column":56}},"1":{"start":{"line":2,"column":22},"end":{"line":2,"column":47}},"2":{"start":{"line":3,"column":17},"end":{"line":3,"column":37}},"3":{"start":{"line":7,"column":4},"end":{"line":37,"column":5}},"4":{"start":{"line":8,"column":34},"end":{"line":8,"column":42}},"5":{"start":{"line":10,"column":6},"end":{"line":10,"column":77}},"6":{"start":{"line":10,"column":18},"end":{"line":10,"column":77}},"7":{"start":{"line":11,"column":6},"end":{"line":12,"column":70}},"8":{"start":{"line":12,"column":8},"end":{"line":12,"column":70}},"9":{"start":{"line":14,"column":19},"end":{"line":14,"column":59}},"10":{"start":{"line":15,"column":6},"end":{"line":16,"column":77}},"11":{"start":{"line":16,"column":8},"end":{"line":16,"column":77}},"12":{"start":{"line":18,"column":30},"end":{"line":18,"column":70}},"13":{"start":{"line":19,"column":6},"end":{"line":20,"column":77}},"14":{"start":{"line":20,"column":8},"end":{"line":20,"column":77}},"15":{"start":{"line":22,"column":22},"end":{"line":25,"column":7}},"16":{"start":{"line":27,"column":20},"end":{"line":27,"column":38}},"17":{"start":{"line":28,"column":6},"end":{"line":32,"column":9}},"18":{"start":{"line":34,"column":6},"end":{"line":34,"column":60}},"19":{"start":{"line":36,"column":6},"end":{"line":36,"column":16}},"20":{"start":{"line":41,"column":4},"end":{"line":50,"column":5}},"21":{"start":{"line":42,"column":44},"end":{"line":42,"column":52}},"22":{"start":{"line":43,"column":22},"end":{"line":43,"column":70}},"23":{"start":{"line":45,"column":6},"end":{"line":47,"column":79}},"24":{"start":{"line":49,"column":6},"end":{"line":49,"column":16}},"25":{"start":{"line":54,"column":4},"end":{"line":64,"column":5}},"26":{"start":{"line":55,"column":19},"end":{"line":57,"column":8}},"27":{"start":{"line":59,"column":6},"end":{"line":59,"column":71}},"28":{"start":{"line":59,"column":17},"end":{"line":59,"column":71}},"29":{"start":{"line":61,"column":6},"end":{"line":61,"column":37}},"30":{"start":{"line":63,"column":6},"end":{"line":63,"column":16}},"31":{"start":{"line":68,"column":0},"end":{"line":68,"column":32}}},"fnMap":{"0":{"name":"(anonymous_0)","decl":{"start":{"line":6,"column":2},"end":{"line":6,"column":3}},"loc":{"start":{"line":6,"column":37},"end":{"line":38,"column":3}},"line":6},"1":{"name":"(anonymous_1)","decl":{"start":{"line":40,"column":2},"end":{"line":40,"column":3}},"loc":{"start":{"line":40,"column":40},"end":{"line":51,"column":3}},"line":40},"2":{"name":"(anonymous_2)","decl":{"start":{"line":53,"column":2},"end":{"line":53,"column":3}},"loc":{"start":{"line":53,"column":34},"end":{"line":65,"column":3}},"line":53}},"branchMap":{"0":{"loc":{"start":{"line":10,"column":6},"end":{"line":10,"column":77}},"type":"if","locations":[{"start":{"line":10,"column":6},"end":{"line":10,"column":77}},{"start":{},"end":{}}],"line":10},"1":{"loc":{"start":{"line":11,"column":6},"end":{"line":12,"column":70}},"type":"if","locations":[{"start":{"line":11,"column":6},"end":{"line":12,"column":70}},{"start":{},"end":{}}],"line":11},"2":{"loc":{"start":{"line":15,"column":6},"end":{"line":16,"column":77}},"type":"if","locations":[{"start":{"line":15,"column":6},"end":{"line":16,"column":77}},{"start":{},"end":{}}],"line":15},"3":{"loc":{"start":{"line":19,"column":6},"end":{"line":20,"column":77}},"type":"if","locations":[{"start":{"line":19,"column":6},"end":{"line":20,"column":77}},{"start":{},"end":{}}],"line":19},"4":{"loc":{"start":{"line":31,"column":18},"end":{"line":31,"column":75}},"type":"cond-expr","locations":[{"start":{"line":31,"column":58},"end":{"line":31,"column":64}},{"start":{"line":31,"column":67},"end":{"line":31,"column":75}}],"line":31},"5":{"loc":{"start":{"line":59,"column":6},"end":{"line":59,"column":71}},"type":"if","locations":[{"start":{"line":59,"column":6},"end":{"line":59,"column":71}},{"start":{},"end":{}}],"line":59}},"s":{"0":6,"1":6,"2":6,"3":6,"4":6,"5":6,"6":1,"7":5,"8":1,"9":4,"10":3,"11":1,"12":2,"13":2,"14":1,"15":1,"16":1,"17":1,"18":1,"19":5,"20":6,"21":6,"22":6,"23":1,"24":5,"25":1,"26":1,"27":1,"28":0,"29":1,"30":0,"31":6},"f":{"0":6,"1":6,"2":1},"b":{"0":[1,5],"1":[1,4],"2":[1,2],"3":[1,1],"4":[0,1],"5":[0,1]},"_coverageSchema":"1a1c01bbd47fc00a2c39e90264f33305004495a9","hash":"3527e555f3fdbb8a7f2ad1678a4659c3491f3fca"}
,"D:\\Hacktiv8\\Phase 3\\Final Project\\impression-server\\controllers\\communityController.js": {"path":"D:\\Hacktiv8\\Phase 3\\Final Project\\impression-server\\controllers\\communityController.js","statementMap":{"0":{"start":{"line":9,"column":4},"end":{"line":9,"column":24}},"1":{"start":{"line":10,"column":15},"end":{"line":10,"column":35}},"2":{"start":{"line":25,"column":4},"end":{"line":61,"column":5}},"3":{"start":{"line":26,"column":33},"end":{"line":26,"column":42}},"4":{"start":{"line":28,"column":20},"end":{"line":28,"column":22}},"5":{"start":{"line":29,"column":6},"end":{"line":29,"column":40}},"6":{"start":{"line":29,"column":18},"end":{"line":29,"column":40}},"7":{"start":{"line":30,"column":6},"end":{"line":30,"column":61}},"8":{"start":{"line":30,"column":18},"end":{"line":30,"column":61}},"9":{"start":{"line":32,"column":26},"end":{"line":56,"column":8}},"10":{"start":{"line":58,"column":6},"end":{"line":58,"column":44}},"11":{"start":{"line":60,"column":6},"end":{"line":60,"column":16}},"12":{"start":{"line":78,"column":4},"end":{"line":113,"column":5}},"13":{"start":{"line":79,"column":21},"end":{"line":79,"column":31}},"14":{"start":{"line":80,"column":24},"end":{"line":88,"column":8}},"15":{"start":{"line":90,"column":6},"end":{"line":92,"column":7}},"16":{"start":{"line":91,"column":8},"end":{"line":91,"column":67}},"17":{"start":{"line":95,"column":26},"end":{"line":97,"column":8}},"18":{"start":{"line":100,"column":25},"end":{"line":102,"column":8}},"19":{"start":{"line":104,"column":31},"end":{"line":104,"column":68}},"20":{"start":{"line":106,"column":6},"end":{"line":110,"column":9}},"21":{"start":{"line":112,"column":6},"end":{"line":112,"column":16}},"22":{"start":{"line":138,"column":4},"end":{"line":300,"column":5}},"23":{"start":{"line":139,"column":21},"end":{"line":139,"column":31}},"24":{"start":{"line":140,"column":21},"end":{"line":140,"column":32}},"25":{"start":{"line":142,"column":24},"end":{"line":161,"column":8}},"26":{"start":{"line":163,"column":6},"end":{"line":165,"column":7}},"27":{"start":{"line":164,"column":8},"end":{"line":164,"column":67}},"28":{"start":{"line":168,"column":25},"end":{"line":170,"column":8}},"29":{"start":{"line":172,"column":6},"end":{"line":177,"column":7}},"30":{"start":{"line":173,"column":8},"end":{"line":176,"column":10}},"31":{"start":{"line":180,"column":23},"end":{"line":180,"column":52}},"32":{"start":{"line":183,"column":27},"end":{"line":183,"column":29}},"33":{"start":{"line":184,"column":6},"end":{"line":194,"column":7}},"34":{"start":{"line":185,"column":8},"end":{"line":193,"column":11}},"35":{"start":{"line":197,"column":28},"end":{"line":197,"column":75}},"36":{"start":{"line":197,"column":66},"end":{"line":197,"column":74}},"37":{"start":{"line":200,"column":26},"end":{"line":213,"column":8}},"38":{"start":{"line":216,"column":26},"end":{"line":216,"column":58}},"39":{"start":{"line":218,"column":6},"end":{"line":252,"column":9}},"40":{"start":{"line":219,"column":30},"end":{"line":221,"column":9}},"41":{"start":{"line":220,"column":17},"end":{"line":220,"column":42}},"42":{"start":{"line":222,"column":36},"end":{"line":226,"column":9}},"43":{"start":{"line":224,"column":12},"end":{"line":225,"column":52}},"44":{"start":{"line":229,"column":28},"end":{"line":237,"column":9}},"45":{"start":{"line":230,"column":28},"end":{"line":230,"column":60}},"46":{"start":{"line":230,"column":51},"end":{"line":230,"column":59}},"47":{"start":{"line":231,"column":10},"end":{"line":231,"column":47}},"48":{"start":{"line":231,"column":38},"end":{"line":231,"column":47}},"49":{"start":{"line":232,"column":10},"end":{"line":236,"column":12}},"50":{"start":{"line":234,"column":43},"end":{"line":234,"column":50}},"51":{"start":{"line":239,"column":8},"end":{"line":244,"column":11}},"52":{"start":{"line":246,"column":8},"end":{"line":251,"column":11}},"53":{"start":{"line":255,"column":6},"end":{"line":255,"column":73}},"54":{"start":{"line":255,"column":40},"end":{"line":255,"column":71}},"55":{"start":{"line":256,"column":6},"end":{"line":256,"column":79}},"56":{"start":{"line":256,"column":46},"end":{"line":256,"column":77}},"57":{"start":{"line":260,"column":8},"end":{"line":267,"column":13}},"58":{"start":{"line":263,"column":54},"end":{"line":263,"column":74}},"59":{"start":{"line":270,"column":8},"end":{"line":279,"column":13}},"60":{"start":{"line":274,"column":30},"end":{"line":274,"column":50}},"61":{"start":{"line":282,"column":25},"end":{"line":284,"column":8}},"62":{"start":{"line":286,"column":6},"end":{"line":297,"column":9}},"63":{"start":{"line":299,"column":6},"end":{"line":299,"column":16}},"64":{"start":{"line":313,"column":4},"end":{"line":343,"column":5}},"65":{"start":{"line":314,"column":21},"end":{"line":314,"column":31}},"66":{"start":{"line":315,"column":21},"end":{"line":315,"column":32}},"67":{"start":{"line":317,"column":24},"end":{"line":317,"column":52}},"68":{"start":{"line":318,"column":6},"end":{"line":320,"column":7}},"69":{"start":{"line":319,"column":8},"end":{"line":319,"column":67}},"70":{"start":{"line":323,"column":33},"end":{"line":325,"column":8}},"71":{"start":{"line":327,"column":6},"end":{"line":333,"column":7}},"72":{"start":{"line":328,"column":8},"end":{"line":332,"column":9}},"73":{"start":{"line":329,"column":10},"end":{"line":329,"column":68}},"74":{"start":{"line":330,"column":15},"end":{"line":332,"column":9}},"75":{"start":{"line":331,"column":10},"end":{"line":331,"column":79}},"76":{"start":{"line":335,"column":6},"end":{"line":338,"column":9}},"77":{"start":{"line":340,"column":6},"end":{"line":340,"column":74}},"78":{"start":{"line":342,"column":6},"end":{"line":342,"column":16}},"79":{"start":{"line":355,"column":4},"end":{"line":384,"column":5}},"80":{"start":{"line":356,"column":29},"end":{"line":356,"column":39}},"81":{"start":{"line":358,"column":24},"end":{"line":358,"column":52}},"82":{"start":{"line":359,"column":6},"end":{"line":361,"column":7}},"83":{"start":{"line":360,"column":8},"end":{"line":360,"column":67}},"84":{"start":{"line":364,"column":6},"end":{"line":369,"column":7}},"85":{"start":{"line":365,"column":8},"end":{"line":368,"column":10}},"86":{"start":{"line":371,"column":25},"end":{"line":373,"column":8}},"87":{"start":{"line":375,"column":6},"end":{"line":377,"column":7}},"88":{"start":{"line":376,"column":8},"end":{"line":376,"column":76}},"89":{"start":{"line":379,"column":6},"end":{"line":379,"column":54}},"90":{"start":{"line":381,"column":6},"end":{"line":381,"column":72}},"91":{"start":{"line":383,"column":6},"end":{"line":383,"column":16}},"92":{"start":{"line":397,"column":4},"end":{"line":427,"column":5}},"93":{"start":{"line":398,"column":29},"end":{"line":398,"column":39}},"94":{"start":{"line":400,"column":24},"end":{"line":400,"column":52}},"95":{"start":{"line":401,"column":6},"end":{"line":403,"column":7}},"96":{"start":{"line":402,"column":8},"end":{"line":402,"column":67}},"97":{"start":{"line":406,"column":6},"end":{"line":411,"column":7}},"98":{"start":{"line":407,"column":8},"end":{"line":410,"column":10}},"99":{"start":{"line":413,"column":25},"end":{"line":415,"column":8}},"100":{"start":{"line":417,"column":6},"end":{"line":419,"column":7}},"101":{"start":{"line":418,"column":8},"end":{"line":418,"column":76}},"102":{"start":{"line":422,"column":6},"end":{"line":422,"column":33}},"103":{"start":{"line":424,"column":6},"end":{"line":424,"column":72}},"104":{"start":{"line":426,"column":6},"end":{"line":426,"column":16}},"105":{"start":{"line":439,"column":4},"end":{"line":473,"column":5}},"106":{"start":{"line":440,"column":21},"end":{"line":440,"column":31}},"107":{"start":{"line":441,"column":24},"end":{"line":441,"column":52}},"108":{"start":{"line":442,"column":6},"end":{"line":444,"column":7}},"109":{"start":{"line":443,"column":8},"end":{"line":443,"column":67}},"110":{"start":{"line":447,"column":21},"end":{"line":447,"column":32}},"111":{"start":{"line":448,"column":25},"end":{"line":450,"column":8}},"112":{"start":{"line":452,"column":6},"end":{"line":457,"column":7}},"113":{"start":{"line":453,"column":8},"end":{"line":456,"column":10}},"114":{"start":{"line":459,"column":20},"end":{"line":468,"column":8}},"115":{"start":{"line":470,"column":6},"end":{"line":470,"column":38}},"116":{"start":{"line":472,"column":6},"end":{"line":472,"column":16}},"117":{"start":{"line":489,"column":4},"end":{"line":520,"column":5}},"118":{"start":{"line":490,"column":21},"end":{"line":490,"column":31}},"119":{"start":{"line":491,"column":24},"end":{"line":491,"column":52}},"120":{"start":{"line":492,"column":6},"end":{"line":494,"column":7}},"121":{"start":{"line":493,"column":8},"end":{"line":493,"column":67}},"122":{"start":{"line":497,"column":21},"end":{"line":497,"column":32}},"123":{"start":{"line":498,"column":25},"end":{"line":500,"column":8}},"124":{"start":{"line":502,"column":6},"end":{"line":507,"column":7}},"125":{"start":{"line":503,"column":8},"end":{"line":506,"column":10}},"126":{"start":{"line":509,"column":33},"end":{"line":509,"column":41}},"127":{"start":{"line":510,"column":22},"end":{"line":515,"column":8}},"128":{"start":{"line":517,"column":6},"end":{"line":517,"column":46}},"129":{"start":{"line":519,"column":6},"end":{"line":519,"column":16}},"130":{"start":{"line":524,"column":0},"end":{"line":524,"column":37}}},"fnMap":{"0":{"name":"(anonymous_0)","decl":{"start":{"line":24,"column":2},"end":{"line":24,"column":3}},"loc":{"start":{"line":24,"column":46},"end":{"line":62,"column":3}},"line":24},"1":{"name":"(anonymous_1)","decl":{"start":{"line":77,"column":2},"end":{"line":77,"column":3}},"loc":{"start":{"line":77,"column":48},"end":{"line":114,"column":3}},"line":77},"2":{"name":"(anonymous_2)","decl":{"start":{"line":137,"column":2},"end":{"line":137,"column":3}},"loc":{"start":{"line":137,"column":53},"end":{"line":301,"column":3}},"line":137},"3":{"name":"(anonymous_3)","decl":{"start":{"line":197,"column":59},"end":{"line":197,"column":60}},"loc":{"start":{"line":197,"column":66},"end":{"line":197,"column":74}},"line":197},"4":{"name":"(anonymous_4)","decl":{"start":{"line":218,"column":26},"end":{"line":218,"column":27}},"loc":{"start":{"line":218,"column":36},"end":{"line":252,"column":7}},"line":218},"5":{"name":"(anonymous_5)","decl":{"start":{"line":220,"column":10},"end":{"line":220,"column":11}},"loc":{"start":{"line":220,"column":17},"end":{"line":220,"column":42}},"line":220},"6":{"name":"(anonymous_6)","decl":{"start":{"line":223,"column":10},"end":{"line":223,"column":11}},"loc":{"start":{"line":224,"column":12},"end":{"line":225,"column":52}},"line":224},"7":{"name":"(anonymous_7)","decl":{"start":{"line":229,"column":28},"end":{"line":229,"column":29}},"loc":{"start":{"line":229,"column":41},"end":{"line":237,"column":9}},"line":229},"8":{"name":"(anonymous_8)","decl":{"start":{"line":230,"column":44},"end":{"line":230,"column":45}},"loc":{"start":{"line":230,"column":51},"end":{"line":230,"column":59}},"line":230},"9":{"name":"(anonymous_9)","decl":{"start":{"line":234,"column":31},"end":{"line":234,"column":32}},"loc":{"start":{"line":234,"column":43},"end":{"line":234,"column":50}},"line":234},"10":{"name":"(anonymous_10)","decl":{"start":{"line":255,"column":30},"end":{"line":255,"column":31}},"loc":{"start":{"line":255,"column":40},"end":{"line":255,"column":71}},"line":255},"11":{"name":"(anonymous_11)","decl":{"start":{"line":256,"column":36},"end":{"line":256,"column":37}},"loc":{"start":{"line":256,"column":46},"end":{"line":256,"column":77}},"line":256},"12":{"name":"(anonymous_12)","decl":{"start":{"line":263,"column":42},"end":{"line":263,"column":43}},"loc":{"start":{"line":263,"column":54},"end":{"line":263,"column":74}},"line":263},"13":{"name":"(anonymous_13)","decl":{"start":{"line":274,"column":18},"end":{"line":274,"column":19}},"loc":{"start":{"line":274,"column":30},"end":{"line":274,"column":50}},"line":274},"14":{"name":"(anonymous_14)","decl":{"start":{"line":312,"column":2},"end":{"line":312,"column":3}},"loc":{"start":{"line":312,"column":45},"end":{"line":344,"column":3}},"line":312},"15":{"name":"(anonymous_15)","decl":{"start":{"line":354,"column":2},"end":{"line":354,"column":3}},"loc":{"start":{"line":354,"column":45},"end":{"line":385,"column":3}},"line":354},"16":{"name":"(anonymous_16)","decl":{"start":{"line":396,"column":2},"end":{"line":396,"column":3}},"loc":{"start":{"line":396,"column":44},"end":{"line":428,"column":3}},"line":396},"17":{"name":"(anonymous_17)","decl":{"start":{"line":438,"column":2},"end":{"line":438,"column":3}},"loc":{"start":{"line":438,"column":49},"end":{"line":474,"column":3}},"line":438},"18":{"name":"(anonymous_18)","decl":{"start":{"line":488,"column":2},"end":{"line":488,"column":3}},"loc":{"start":{"line":488,"column":51},"end":{"line":521,"column":3}},"line":488}},"branchMap":{"0":{"loc":{"start":{"line":29,"column":6},"end":{"line":29,"column":40}},"type":"if","locations":[{"start":{"line":29,"column":6},"end":{"line":29,"column":40}},{"start":{},"end":{}}],"line":29},"1":{"loc":{"start":{"line":30,"column":6},"end":{"line":30,"column":61}},"type":"if","locations":[{"start":{"line":30,"column":6},"end":{"line":30,"column":61}},{"start":{},"end":{}}],"line":30},"2":{"loc":{"start":{"line":90,"column":6},"end":{"line":92,"column":7}},"type":"if","locations":[{"start":{"line":90,"column":6},"end":{"line":92,"column":7}},{"start":{},"end":{}}],"line":90},"3":{"loc":{"start":{"line":104,"column":31},"end":{"line":104,"column":68}},"type":"cond-expr","locations":[{"start":{"line":104,"column":44},"end":{"line":104,"column":61}},{"start":{"line":104,"column":64},"end":{"line":104,"column":68}}],"line":104},"4":{"loc":{"start":{"line":163,"column":6},"end":{"line":165,"column":7}},"type":"if","locations":[{"start":{"line":163,"column":6},"end":{"line":165,"column":7}},{"start":{},"end":{}}],"line":163},"5":{"loc":{"start":{"line":172,"column":6},"end":{"line":177,"column":7}},"type":"if","locations":[{"start":{"line":172,"column":6},"end":{"line":177,"column":7}},{"start":{},"end":{}}],"line":172},"6":{"loc":{"start":{"line":184,"column":6},"end":{"line":194,"column":7}},"type":"if","locations":[{"start":{"line":184,"column":6},"end":{"line":194,"column":7}},{"start":{},"end":{}}],"line":184},"7":{"loc":{"start":{"line":224,"column":12},"end":{"line":225,"column":52}},"type":"binary-expr","locations":[{"start":{"line":224,"column":12},"end":{"line":224,"column":53}},{"start":{"line":225,"column":12},"end":{"line":225,"column":52}}],"line":224},"8":{"loc":{"start":{"line":231,"column":10},"end":{"line":231,"column":47}},"type":"if","locations":[{"start":{"line":231,"column":10},"end":{"line":231,"column":47}},{"start":{},"end":{}}],"line":231},"9":{"loc":{"start":{"line":260,"column":8},"end":{"line":267,"column":13}},"type":"cond-expr","locations":[{"start":{"line":261,"column":12},"end":{"line":266,"column":13}},{"start":{"line":267,"column":12},"end":{"line":267,"column":13}}],"line":260},"10":{"loc":{"start":{"line":270,"column":8},"end":{"line":279,"column":13}},"type":"cond-expr","locations":[{"start":{"line":271,"column":12},"end":{"line":278,"column":13}},{"start":{"line":279,"column":12},"end":{"line":279,"column":13}}],"line":270},"11":{"loc":{"start":{"line":318,"column":6},"end":{"line":320,"column":7}},"type":"if","locations":[{"start":{"line":318,"column":6},"end":{"line":320,"column":7}},{"start":{},"end":{}}],"line":318},"12":{"loc":{"start":{"line":327,"column":6},"end":{"line":333,"column":7}},"type":"if","locations":[{"start":{"line":327,"column":6},"end":{"line":333,"column":7}},{"start":{},"end":{}}],"line":327},"13":{"loc":{"start":{"line":328,"column":8},"end":{"line":332,"column":9}},"type":"if","locations":[{"start":{"line":328,"column":8},"end":{"line":332,"column":9}},{"start":{"line":330,"column":15},"end":{"line":332,"column":9}}],"line":328},"14":{"loc":{"start":{"line":330,"column":15},"end":{"line":332,"column":9}},"type":"if","locations":[{"start":{"line":330,"column":15},"end":{"line":332,"column":9}},{"start":{},"end":{}}],"line":330},"15":{"loc":{"start":{"line":359,"column":6},"end":{"line":361,"column":7}},"type":"if","locations":[{"start":{"line":359,"column":6},"end":{"line":361,"column":7}},{"start":{},"end":{}}],"line":359},"16":{"loc":{"start":{"line":364,"column":6},"end":{"line":369,"column":7}},"type":"if","locations":[{"start":{"line":364,"column":6},"end":{"line":369,"column":7}},{"start":{},"end":{}}],"line":364},"17":{"loc":{"start":{"line":375,"column":6},"end":{"line":377,"column":7}},"type":"if","locations":[{"start":{"line":375,"column":6},"end":{"line":377,"column":7}},{"start":{},"end":{}}],"line":375},"18":{"loc":{"start":{"line":401,"column":6},"end":{"line":403,"column":7}},"type":"if","locations":[{"start":{"line":401,"column":6},"end":{"line":403,"column":7}},{"start":{},"end":{}}],"line":401},"19":{"loc":{"start":{"line":406,"column":6},"end":{"line":411,"column":7}},"type":"if","locations":[{"start":{"line":406,"column":6},"end":{"line":411,"column":7}},{"start":{},"end":{}}],"line":406},"20":{"loc":{"start":{"line":417,"column":6},"end":{"line":419,"column":7}},"type":"if","locations":[{"start":{"line":417,"column":6},"end":{"line":419,"column":7}},{"start":{},"end":{}}],"line":417},"21":{"loc":{"start":{"line":442,"column":6},"end":{"line":444,"column":7}},"type":"if","locations":[{"start":{"line":442,"column":6},"end":{"line":444,"column":7}},{"start":{},"end":{}}],"line":442},"22":{"loc":{"start":{"line":452,"column":6},"end":{"line":457,"column":7}},"type":"if","locations":[{"start":{"line":452,"column":6},"end":{"line":457,"column":7}},{"start":{},"end":{}}],"line":452},"23":{"loc":{"start":{"line":492,"column":6},"end":{"line":494,"column":7}},"type":"if","locations":[{"start":{"line":492,"column":6},"end":{"line":494,"column":7}},{"start":{},"end":{}}],"line":492},"24":{"loc":{"start":{"line":502,"column":6},"end":{"line":507,"column":7}},"type":"if","locations":[{"start":{"line":502,"column":6},"end":{"line":507,"column":7}},{"start":{},"end":{}}],"line":502}},"s":{"0":6,"1":6,"2":3,"3":3,"4":3,"5":3,"6":1,"7":3,"8":1,"9":3,"10":3,"11":0,"12":3,"13":3,"14":3,"15":3,"16":1,"17":2,"18":2,"19":2,"20":2,"21":1,"22":4,"23":4,"24":4,"25":4,"26":4,"27":1,"28":3,"29":3,"30":1,"31":2,"32":2,"33":2,"34":1,"35":2,"36":6,"37":2,"38":2,"39":2,"40":2,"41":4,"42":2,"43":4,"44":2,"45":4,"46":4,"47":4,"48":0,"49":4,"50":12,"51":2,"52":2,"53":2,"54":0,"55":2,"56":0,"57":2,"58":2,"59":2,"60":2,"61":2,"62":2,"63":2,"64":4,"65":4,"66":4,"67":4,"68":4,"69":1,"70":3,"71":3,"72":2,"73":1,"74":1,"75":1,"76":1,"77":1,"78":3,"79":4,"80":4,"81":4,"82":4,"83":1,"84":3,"85":1,"86":2,"87":2,"88":1,"89":1,"90":1,"91":3,"92":4,"93":4,"94":4,"95":4,"96":1,"97":3,"98":1,"99":2,"100":2,"101":1,"102":1,"103":1,"104":3,"105":3,"106":3,"107":3,"108":3,"109":1,"110":2,"111":2,"112":2,"113":1,"114":1,"115":1,"116":2,"117":3,"118":3,"119":3,"120":3,"121":1,"122":2,"123":2,"124":2,"125":1,"126":1,"127":1,"128":1,"129":2,"130":6},"f":{"0":3,"1":3,"2":4,"3":6,"4":2,"5":4,"6":4,"7":4,"8":4,"9":12,"10":0,"11":0,"12":2,"13":2,"14":4,"15":4,"16":4,"17":3,"18":3},"b":{"0":[1,2],"1":[1,2],"2":[1,2],"3":[2,0],"4":[1,3],"5":[1,2],"6":[1,1],"7":[4,2],"8":[0,4],"9":[2,0],"10":[2,0],"11":[1,3],"12":[2,1],"13":[1,1],"14":[1,0],"15":[1,3],"16":[1,2],"17":[1,1],"18":[1,3],"19":[1,2],"20":[1,1],"21":[1,2],"22":[1,1],"23":[1,2],"24":[1,1]},"_coverageSchema":"1a1c01bbd47fc00a2c39e90264f33305004495a9","hash":"4be7a3f760b81560190db30778e08d9d06e50d01"}
,"D:\\Hacktiv8\\Phase 3\\Final Project\\impression-server\\controllers\\cvController.js": {"path":"D:\\Hacktiv8\\Phase 3\\Final Project\\impression-server\\controllers\\cvController.js","statementMap":{"0":{"start":{"line":1,"column":21},"end":{"line":1,"column":41}},"1":{"start":{"line":6,"column":4},"end":{"line":58,"column":5}},"2":{"start":{"line":7,"column":6},"end":{"line":57,"column":7}},"3":{"start":{"line":8,"column":8},"end":{"line":9,"column":69}},"4":{"start":{"line":9,"column":10},"end":{"line":9,"column":69}},"5":{"start":{"line":10,"column":8},"end":{"line":11,"column":71}},"6":{"start":{"line":11,"column":10},"end":{"line":11,"column":71}},"7":{"start":{"line":12,"column":8},"end":{"line":13,"column":74}},"8":{"start":{"line":13,"column":10},"end":{"line":13,"column":74}},"9":{"start":{"line":14,"column":8},"end":{"line":15,"column":32}},"10":{"start":{"line":15,"column":10},"end":{"line":15,"column":32}},"11":{"start":{"line":16,"column":20},"end":{"line":16,"column":67}},"12":{"start":{"line":17,"column":22},"end":{"line":17,"column":44}},"13":{"start":{"line":18,"column":20},"end":{"line":18,"column":72}},"14":{"start":{"line":20,"column":8},"end":{"line":24,"column":12}},"15":{"start":{"line":21,"column":10},"end":{"line":24,"column":12}},"16":{"start":{"line":25,"column":8},"end":{"line":26,"column":79}},"17":{"start":{"line":26,"column":10},"end":{"line":26,"column":79}},"18":{"start":{"line":28,"column":8},"end":{"line":33,"column":12}},"19":{"start":{"line":29,"column":10},"end":{"line":33,"column":12}},"20":{"start":{"line":34,"column":8},"end":{"line":39,"column":12}},"21":{"start":{"line":35,"column":10},"end":{"line":39,"column":12}},"22":{"start":{"line":40,"column":8},"end":{"line":48,"column":24}},"23":{"start":{"line":49,"column":8},"end":{"line":56,"column":30}},"24":{"start":{"line":60,"column":4},"end":{"line":109,"column":5}},"25":{"start":{"line":61,"column":6},"end":{"line":108,"column":7}},"26":{"start":{"line":62,"column":8},"end":{"line":63,"column":70}},"27":{"start":{"line":63,"column":10},"end":{"line":63,"column":70}},"28":{"start":{"line":64,"column":8},"end":{"line":65,"column":75}},"29":{"start":{"line":65,"column":10},"end":{"line":65,"column":75}},"30":{"start":{"line":66,"column":8},"end":{"line":67,"column":74}},"31":{"start":{"line":67,"column":10},"end":{"line":67,"column":74}},"32":{"start":{"line":68,"column":8},"end":{"line":69,"column":32}},"33":{"start":{"line":69,"column":10},"end":{"line":69,"column":32}},"34":{"start":{"line":70,"column":8},"end":{"line":70,"column":78}},"35":{"start":{"line":70,"column":21},"end":{"line":70,"column":78}},"36":{"start":{"line":71,"column":20},"end":{"line":71,"column":67}},"37":{"start":{"line":72,"column":22},"end":{"line":72,"column":44}},"38":{"start":{"line":73,"column":20},"end":{"line":73,"column":72}},"39":{"start":{"line":75,"column":8},"end":{"line":76,"column":80}},"40":{"start":{"line":76,"column":10},"end":{"line":76,"column":80}},"41":{"start":{"line":77,"column":8},"end":{"line":78,"column":78}},"42":{"start":{"line":78,"column":10},"end":{"line":78,"column":78}},"43":{"start":{"line":80,"column":8},"end":{"line":84,"column":12}},"44":{"start":{"line":81,"column":10},"end":{"line":84,"column":12}},"45":{"start":{"line":85,"column":8},"end":{"line":90,"column":12}},"46":{"start":{"line":86,"column":10},"end":{"line":90,"column":12}},"47":{"start":{"line":91,"column":8},"end":{"line":99,"column":24}},"48":{"start":{"line":100,"column":8},"end":{"line":107,"column":30}},"49":{"start":{"line":111,"column":4},"end":{"line":115,"column":5}},"50":{"start":{"line":112,"column":6},"end":{"line":114,"column":7}},"51":{"start":{"line":113,"column":8},"end":{"line":113,"column":80}},"52":{"start":{"line":113,"column":16},"end":{"line":113,"column":80}},"53":{"start":{"line":117,"column":4},"end":{"line":117,"column":24}},"54":{"start":{"line":118,"column":4},"end":{"line":118,"column":14}},"55":{"start":{"line":148,"column":4},"end":{"line":169,"column":5}},"56":{"start":{"line":149,"column":29},"end":{"line":149,"column":37}},"57":{"start":{"line":150,"column":19},"end":{"line":150,"column":46}},"58":{"start":{"line":151,"column":6},"end":{"line":151,"column":71}},"59":{"start":{"line":151,"column":17},"end":{"line":151,"column":71}},"60":{"start":{"line":152,"column":6},"end":{"line":153,"column":79}},"61":{"start":{"line":153,"column":8},"end":{"line":153,"column":79}},"62":{"start":{"line":155,"column":22},"end":{"line":160,"column":7}},"63":{"start":{"line":161,"column":25},"end":{"line":161,"column":48}},"64":{"start":{"line":162,"column":17},"end":{"line":162,"column":58}},"65":{"start":{"line":163,"column":6},"end":{"line":163,"column":22}},"66":{"start":{"line":164,"column":6},"end":{"line":164,"column":47}},"67":{"start":{"line":165,"column":6},"end":{"line":165,"column":24}},"68":{"start":{"line":166,"column":6},"end":{"line":166,"column":62}},"69":{"start":{"line":168,"column":6},"end":{"line":168,"column":18}},"70":{"start":{"line":200,"column":4},"end":{"line":232,"column":5}},"71":{"start":{"line":201,"column":29},"end":{"line":201,"column":37}},"72":{"start":{"line":202,"column":50},"end":{"line":202,"column":58}},"73":{"start":{"line":204,"column":19},"end":{"line":204,"column":46}},"74":{"start":{"line":205,"column":6},"end":{"line":205,"column":71}},"75":{"start":{"line":205,"column":17},"end":{"line":205,"column":71}},"76":{"start":{"line":206,"column":6},"end":{"line":207,"column":77}},"77":{"start":{"line":207,"column":8},"end":{"line":207,"column":77}},"78":{"start":{"line":209,"column":21},"end":{"line":209,"column":60}},"79":{"start":{"line":210,"column":6},"end":{"line":210,"column":77}},"80":{"start":{"line":210,"column":19},"end":{"line":210,"column":77}},"81":{"start":{"line":212,"column":6},"end":{"line":214,"column":7}},"82":{"start":{"line":213,"column":8},"end":{"line":213,"column":41}},"83":{"start":{"line":216,"column":6},"end":{"line":218,"column":7}},"84":{"start":{"line":217,"column":8},"end":{"line":217,"column":39}},"85":{"start":{"line":220,"column":6},"end":{"line":222,"column":7}},"86":{"start":{"line":221,"column":8},"end":{"line":221,"column":31}},"87":{"start":{"line":224,"column":6},"end":{"line":224,"column":44}},"88":{"start":{"line":225,"column":6},"end":{"line":225,"column":50}},"89":{"start":{"line":226,"column":6},"end":{"line":226,"column":26}},"90":{"start":{"line":227,"column":6},"end":{"line":227,"column":47}},"91":{"start":{"line":228,"column":6},"end":{"line":228,"column":28}},"92":{"start":{"line":229,"column":6},"end":{"line":229,"column":62}},"93":{"start":{"line":231,"column":6},"end":{"line":231,"column":18}},"94":{"start":{"line":263,"column":4},"end":{"line":273,"column":5}},"95":{"start":{"line":264,"column":21},"end":{"line":264,"column":29}},"96":{"start":{"line":265,"column":17},"end":{"line":267,"column":8}},"97":{"start":{"line":268,"column":6},"end":{"line":268,"column":67}},"98":{"start":{"line":268,"column":15},"end":{"line":268,"column":67}},"99":{"start":{"line":270,"column":6},"end":{"line":270,"column":31}},"100":{"start":{"line":272,"column":6},"end":{"line":272,"column":18}},"101":{"start":{"line":277,"column":0},"end":{"line":277,"column":30}}},"fnMap":{"0":{"name":"(anonymous_0)","decl":{"start":{"line":5,"column":2},"end":{"line":5,"column":3}},"loc":{"start":{"line":5,"column":30},"end":{"line":119,"column":3}},"line":5},"1":{"name":"(anonymous_1)","decl":{"start":{"line":147,"column":2},"end":{"line":147,"column":3}},"loc":{"start":{"line":147,"column":40},"end":{"line":170,"column":3}},"line":147},"2":{"name":"(anonymous_2)","decl":{"start":{"line":199,"column":2},"end":{"line":199,"column":3}},"loc":{"start":{"line":199,"column":40},"end":{"line":233,"column":3}},"line":199},"3":{"name":"(anonymous_3)","decl":{"start":{"line":262,"column":2},"end":{"line":262,"column":3}},"loc":{"start":{"line":262,"column":37},"end":{"line":274,"column":3}},"line":262}},"branchMap":{"0":{"loc":{"start":{"line":6,"column":4},"end":{"line":58,"column":5}},"type":"if","locations":[{"start":{"line":6,"column":4},"end":{"line":58,"column":5}},{"start":{},"end":{}}],"line":6},"1":{"loc":{"start":{"line":8,"column":8},"end":{"line":9,"column":69}},"type":"if","locations":[{"start":{"line":8,"column":8},"end":{"line":9,"column":69}},{"start":{},"end":{}}],"line":8},"2":{"loc":{"start":{"line":10,"column":8},"end":{"line":11,"column":71}},"type":"if","locations":[{"start":{"line":10,"column":8},"end":{"line":11,"column":71}},{"start":{},"end":{}}],"line":10},"3":{"loc":{"start":{"line":12,"column":8},"end":{"line":13,"column":74}},"type":"if","locations":[{"start":{"line":12,"column":8},"end":{"line":13,"column":74}},{"start":{},"end":{}}],"line":12},"4":{"loc":{"start":{"line":14,"column":8},"end":{"line":15,"column":32}},"type":"if","locations":[{"start":{"line":14,"column":8},"end":{"line":15,"column":32}},{"start":{},"end":{}}],"line":14},"5":{"loc":{"start":{"line":14,"column":12},"end":{"line":14,"column":66}},"type":"binary-expr","locations":[{"start":{"line":14,"column":12},"end":{"line":14,"column":23}},{"start":{"line":14,"column":27},"end":{"line":14,"column":66}}],"line":14},"6":{"loc":{"start":{"line":18,"column":20},"end":{"line":18,"column":72}},"type":"cond-expr","locations":[{"start":{"line":18,"column":46},"end":{"line":18,"column":49}},{"start":{"line":18,"column":52},"end":{"line":18,"column":72}}],"line":18},"7":{"loc":{"start":{"line":20,"column":8},"end":{"line":24,"column":12}},"type":"if","locations":[{"start":{"line":20,"column":8},"end":{"line":24,"column":12}},{"start":{},"end":{}}],"line":20},"8":{"loc":{"start":{"line":25,"column":8},"end":{"line":26,"column":79}},"type":"if","locations":[{"start":{"line":25,"column":8},"end":{"line":26,"column":79}},{"start":{},"end":{}}],"line":25},"9":{"loc":{"start":{"line":28,"column":8},"end":{"line":33,"column":12}},"type":"if","locations":[{"start":{"line":28,"column":8},"end":{"line":33,"column":12}},{"start":{},"end":{}}],"line":28},"10":{"loc":{"start":{"line":34,"column":8},"end":{"line":39,"column":12}},"type":"if","locations":[{"start":{"line":34,"column":8},"end":{"line":39,"column":12}},{"start":{},"end":{}}],"line":34},"11":{"loc":{"start":{"line":50,"column":10},"end":{"line":56,"column":29}},"type":"cond-expr","locations":[{"start":{"line":51,"column":14},"end":{"line":51,"column":23}},{"start":{"line":52,"column":14},"end":{"line":56,"column":29}}],"line":50},"12":{"loc":{"start":{"line":60,"column":4},"end":{"line":109,"column":5}},"type":"if","locations":[{"start":{"line":60,"column":4},"end":{"line":109,"column":5}},{"start":{},"end":{}}],"line":60},"13":{"loc":{"start":{"line":62,"column":8},"end":{"line":63,"column":70}},"type":"if","locations":[{"start":{"line":62,"column":8},"end":{"line":63,"column":70}},{"start":{},"end":{}}],"line":62},"14":{"loc":{"start":{"line":64,"column":8},"end":{"line":65,"column":75}},"type":"if","locations":[{"start":{"line":64,"column":8},"end":{"line":65,"column":75}},{"start":{},"end":{}}],"line":64},"15":{"loc":{"start":{"line":66,"column":8},"end":{"line":67,"column":74}},"type":"if","locations":[{"start":{"line":66,"column":8},"end":{"line":67,"column":74}},{"start":{},"end":{}}],"line":66},"16":{"loc":{"start":{"line":68,"column":8},"end":{"line":69,"column":32}},"type":"if","locations":[{"start":{"line":68,"column":8},"end":{"line":69,"column":32}},{"start":{},"end":{}}],"line":68},"17":{"loc":{"start":{"line":68,"column":12},"end":{"line":68,"column":66}},"type":"binary-expr","locations":[{"start":{"line":68,"column":12},"end":{"line":68,"column":23}},{"start":{"line":68,"column":27},"end":{"line":68,"column":66}}],"line":68},"18":{"loc":{"start":{"line":70,"column":8},"end":{"line":70,"column":78}},"type":"if","locations":[{"start":{"line":70,"column":8},"end":{"line":70,"column":78}},{"start":{},"end":{}}],"line":70},"19":{"loc":{"start":{"line":73,"column":20},"end":{"line":73,"column":72}},"type":"cond-expr","locations":[{"start":{"line":73,"column":46},"end":{"line":73,"column":49}},{"start":{"line":73,"column":52},"end":{"line":73,"column":72}}],"line":73},"20":{"loc":{"start":{"line":75,"column":8},"end":{"line":76,"column":80}},"type":"if","locations":[{"start":{"line":75,"column":8},"end":{"line":76,"column":80}},{"start":{},"end":{}}],"line":75},"21":{"loc":{"start":{"line":77,"column":8},"end":{"line":78,"column":78}},"type":"if","locations":[{"start":{"line":77,"column":8},"end":{"line":78,"column":78}},{"start":{},"end":{}}],"line":77},"22":{"loc":{"start":{"line":80,"column":8},"end":{"line":84,"column":12}},"type":"if","locations":[{"start":{"line":80,"column":8},"end":{"line":84,"column":12}},{"start":{},"end":{}}],"line":80},"23":{"loc":{"start":{"line":85,"column":8},"end":{"line":90,"column":12}},"type":"if","locations":[{"start":{"line":85,"column":8},"end":{"line":90,"column":12}},{"start":{},"end":{}}],"line":85},"24":{"loc":{"start":{"line":101,"column":10},"end":{"line":107,"column":29}},"type":"cond-expr","locations":[{"start":{"line":102,"column":14},"end":{"line":102,"column":23}},{"start":{"line":103,"column":14},"end":{"line":107,"column":29}}],"line":101},"25":{"loc":{"start":{"line":111,"column":4},"end":{"line":115,"column":5}},"type":"if","locations":[{"start":{"line":111,"column":4},"end":{"line":115,"column":5}},{"start":{},"end":{}}],"line":111},"26":{"loc":{"start":{"line":113,"column":8},"end":{"line":113,"column":80}},"type":"if","locations":[{"start":{"line":113,"column":8},"end":{"line":113,"column":80}},{"start":{},"end":{}}],"line":113},"27":{"loc":{"start":{"line":151,"column":6},"end":{"line":151,"column":71}},"type":"if","locations":[{"start":{"line":151,"column":6},"end":{"line":151,"column":71}},{"start":{},"end":{}}],"line":151},"28":{"loc":{"start":{"line":152,"column":6},"end":{"line":153,"column":79}},"type":"if","locations":[{"start":{"line":152,"column":6},"end":{"line":153,"column":79}},{"start":{},"end":{}}],"line":152},"29":{"loc":{"start":{"line":156,"column":21},"end":{"line":156,"column":49}},"type":"binary-expr","locations":[{"start":{"line":156,"column":21},"end":{"line":156,"column":43}},{"start":{"line":156,"column":47},"end":{"line":156,"column":49}}],"line":156},"30":{"loc":{"start":{"line":157,"column":20},"end":{"line":157,"column":47}},"type":"binary-expr","locations":[{"start":{"line":157,"column":20},"end":{"line":157,"column":41}},{"start":{"line":157,"column":45},"end":{"line":157,"column":47}}],"line":157},"31":{"loc":{"start":{"line":158,"column":16},"end":{"line":158,"column":39}},"type":"binary-expr","locations":[{"start":{"line":158,"column":16},"end":{"line":158,"column":33}},{"start":{"line":158,"column":37},"end":{"line":158,"column":39}}],"line":158},"32":{"loc":{"start":{"line":205,"column":6},"end":{"line":205,"column":71}},"type":"if","locations":[{"start":{"line":205,"column":6},"end":{"line":205,"column":71}},{"start":{},"end":{}}],"line":205},"33":{"loc":{"start":{"line":206,"column":6},"end":{"line":207,"column":77}},"type":"if","locations":[{"start":{"line":206,"column":6},"end":{"line":207,"column":77}},{"start":{},"end":{}}],"line":206},"34":{"loc":{"start":{"line":210,"column":6},"end":{"line":210,"column":77}},"type":"if","locations":[{"start":{"line":210,"column":6},"end":{"line":210,"column":77}},{"start":{},"end":{}}],"line":210},"35":{"loc":{"start":{"line":212,"column":6},"end":{"line":214,"column":7}},"type":"if","locations":[{"start":{"line":212,"column":6},"end":{"line":214,"column":7}},{"start":{},"end":{}}],"line":212},"36":{"loc":{"start":{"line":216,"column":6},"end":{"line":218,"column":7}},"type":"if","locations":[{"start":{"line":216,"column":6},"end":{"line":218,"column":7}},{"start":{},"end":{}}],"line":216},"37":{"loc":{"start":{"line":220,"column":6},"end":{"line":222,"column":7}},"type":"if","locations":[{"start":{"line":220,"column":6},"end":{"line":222,"column":7}},{"start":{},"end":{}}],"line":220},"38":{"loc":{"start":{"line":268,"column":6},"end":{"line":268,"column":67}},"type":"if","locations":[{"start":{"line":268,"column":6},"end":{"line":268,"column":67}},{"start":{},"end":{}}],"line":268}},"s":{"0":6,"1":20,"2":20,"3":20,"4":1,"5":19,"6":1,"7":18,"8":1,"9":17,"10":1,"11":17,"12":17,"13":17,"14":17,"15":1,"16":16,"17":1,"18":15,"19":1,"20":14,"21":1,"22":13,"23":13,"24":13,"25":13,"26":13,"27":1,"28":12,"29":1,"30":11,"31":1,"32":10,"33":1,"34":10,"35":1,"36":9,"37":9,"38":9,"39":9,"40":1,"41":8,"42":1,"43":7,"44":1,"45":6,"46":1,"47":5,"48":5,"49":5,"50":5,"51":12,"52":1,"53":4,"54":4,"55":19,"56":19,"57":19,"58":19,"59":0,"60":19,"61":1,"62":18,"63":18,"64":18,"65":2,"66":2,"67":2,"68":2,"69":17,"70":4,"71":4,"72":4,"73":4,"74":4,"75":0,"76":4,"77":1,"78":3,"79":3,"80":1,"81":2,"82":1,"83":2,"84":1,"85":2,"86":2,"87":2,"88":2,"89":2,"90":2,"91":2,"92":2,"93":2,"94":2,"95":2,"96":2,"97":2,"98":1,"99":1,"100":1,"101":6},"f":{"0":20,"1":19,"2":4,"3":2},"b":{"0":[20,0],"1":[1,19],"2":[1,18],"3":[1,17],"4":[1,16],"5":[17,17],"6":[1,16],"7":[1,16],"8":[1,15],"9":[1,14],"10":[1,13],"11":[1,12],"12":[13,0],"13":[1,12],"14":[1,11],"15":[1,10],"16":[1,9],"17":[10,10],"18":[1,9],"19":[1,8],"20":[1,8],"21":[1,7],"22":[1,6],"23":[1,5],"24":[1,4],"25":[5,0],"26":[1,11],"27":[0,19],"28":[1,18],"29":[18,0],"30":[18,0],"31":[18,0],"32":[0,4],"33":[1,3],"34":[1,2],"35":[1,1],"36":[1,1],"37":[2,0],"38":[1,1]},"_coverageSchema":"1a1c01bbd47fc00a2c39e90264f33305004495a9","hash":"6046782efc7f041a457d266759f2ab3ee5080b5f"}
,"D:\\Hacktiv8\\Phase 3\\Final Project\\impression-server\\controllers\\jobController.js": {"path":"D:\\Hacktiv8\\Phase 3\\Final Project\\impression-server\\controllers\\jobController.js","statementMap":{"0":{"start":{"line":1,"column":14},"end":{"line":1,"column":30}},"1":{"start":{"line":2,"column":17},"end":{"line":2,"column":37}},"2":{"start":{"line":3,"column":32},"end":{"line":3,"column":60}},"3":{"start":{"line":7,"column":4},"end":{"line":54,"column":5}},"4":{"start":{"line":8,"column":29},"end":{"line":8,"column":37}},"5":{"start":{"line":9,"column":19},"end":{"line":9,"column":56}},"6":{"start":{"line":10,"column":23},"end":{"line":10,"column":38}},"7":{"start":{"line":11,"column":23},"end":{"line":11,"column":34}},"8":{"start":{"line":13,"column":6},"end":{"line":13,"column":72}},"9":{"start":{"line":13,"column":17},"end":{"line":13,"column":72}},"10":{"start":{"line":15,"column":6},"end":{"line":17,"column":7}},"11":{"start":{"line":16,"column":8},"end":{"line":16,"column":72}},"12":{"start":{"line":19,"column":21},"end":{"line":19,"column":47}},"13":{"start":{"line":20,"column":21},"end":{"line":24,"column":28}},"14":{"start":{"line":26,"column":6},"end":{"line":28,"column":7}},"15":{"start":{"line":27,"column":8},"end":{"line":27,"column":76}},"16":{"start":{"line":30,"column":23},"end":{"line":39,"column":7}},"17":{"start":{"line":41,"column":6},"end":{"line":41,"column":40}},"18":{"start":{"line":43,"column":6},"end":{"line":51,"column":7}},"19":{"start":{"line":44,"column":8},"end":{"line":50,"column":11}},"20":{"start":{"line":53,"column":6},"end":{"line":53,"column":23}},"21":{"start":{"line":58,"column":0},"end":{"line":58,"column":31}}},"fnMap":{"0":{"name":"(anonymous_0)","decl":{"start":{"line":6,"column":2},"end":{"line":6,"column":3}},"loc":{"start":{"line":6,"column":50},"end":{"line":55,"column":3}},"line":6}},"branchMap":{"0":{"loc":{"start":{"line":13,"column":6},"end":{"line":13,"column":72}},"type":"if","locations":[{"start":{"line":13,"column":6},"end":{"line":13,"column":72}},{"start":{},"end":{}}],"line":13},"1":{"loc":{"start":{"line":15,"column":6},"end":{"line":17,"column":7}},"type":"if","locations":[{"start":{"line":15,"column":6},"end":{"line":17,"column":7}},{"start":{},"end":{}}],"line":15},"2":{"loc":{"start":{"line":21,"column":8},"end":{"line":21,"column":62}},"type":"binary-expr","locations":[{"start":{"line":21,"column":8},"end":{"line":21,"column":34}},{"start":{"line":21,"column":38},"end":{"line":21,"column":62}}],"line":21},"3":{"loc":{"start":{"line":26,"column":6},"end":{"line":28,"column":7}},"type":"if","locations":[{"start":{"line":26,"column":6},"end":{"line":28,"column":7}},{"start":{},"end":{}}],"line":26},"4":{"loc":{"start":{"line":43,"column":6},"end":{"line":51,"column":7}},"type":"if","locations":[{"start":{"line":43,"column":6},"end":{"line":51,"column":7}},{"start":{},"end":{}}],"line":43},"5":{"loc":{"start":{"line":47,"column":12},"end":{"line":49,"column":50}},"type":"binary-expr","locations":[{"start":{"line":47,"column":12},"end":{"line":47,"column":39}},{"start":{"line":48,"column":12},"end":{"line":48,"column":37}},{"start":{"line":49,"column":12},"end":{"line":49,"column":50}}],"line":47}},"s":{"0":6,"1":6,"2":6,"3":2,"4":2,"5":2,"6":2,"7":2,"8":2,"9":1,"10":1,"11":0,"12":1,"13":1,"14":1,"15":0,"16":1,"17":1,"18":1,"19":0,"20":1,"21":6},"f":{"0":2},"b":{"0":[1,1],"1":[0,1],"2":[1,1],"3":[0,1],"4":[0,1],"5":[0,0,0]},"_coverageSchema":"1a1c01bbd47fc00a2c39e90264f33305004495a9","hash":"e1430572a55e69c10ed5ade413defb0f7284d170"}
,"D:\\Hacktiv8\\Phase 3\\Final Project\\impression-server\\controllers\\postController.js": {"path":"D:\\Hacktiv8\\Phase 3\\Final Project\\impression-server\\controllers\\postController.js","statementMap":{"0":{"start":{"line":1,"column":35},"end":{"line":1,"column":55}},"1":{"start":{"line":2,"column":19},"end":{"line":2,"column":51}},"2":{"start":{"line":6,"column":4},"end":{"line":6,"column":32}},"3":{"start":{"line":7,"column":15},"end":{"line":7,"column":35}},"4":{"start":{"line":8,"column":35},"end":{"line":8,"column":69}},"5":{"start":{"line":26,"column":4},"end":{"line":36,"column":5}},"6":{"start":{"line":27,"column":28},"end":{"line":27,"column":36}},"7":{"start":{"line":28,"column":6},"end":{"line":30,"column":7}},"8":{"start":{"line":29,"column":8},"end":{"line":29,"column":72}},"9":{"start":{"line":32,"column":23},"end":{"line":32,"column":62}},"10":{"start":{"line":33,"column":6},"end":{"line":33,"column":41}},"11":{"start":{"line":35,"column":6},"end":{"line":35,"column":16}},"12":{"start":{"line":61,"column":4},"end":{"line":96,"column":5}},"13":{"start":{"line":62,"column":19},"end":{"line":62,"column":51}},"14":{"start":{"line":63,"column":6},"end":{"line":68,"column":7}},"15":{"start":{"line":64,"column":8},"end":{"line":67,"column":10}},"16":{"start":{"line":70,"column":19},"end":{"line":70,"column":73}},"17":{"start":{"line":71,"column":6},"end":{"line":76,"column":7}},"18":{"start":{"line":72,"column":8},"end":{"line":75,"column":10}},"19":{"start":{"line":78,"column":6},"end":{"line":78,"column":80}},"20":{"start":{"line":78,"column":21},"end":{"line":78,"column":80}},"21":{"start":{"line":79,"column":24},"end":{"line":79,"column":58}},"22":{"start":{"line":80,"column":28},"end":{"line":80,"column":75}},"23":{"start":{"line":82,"column":31},"end":{"line":82,"column":78}},"24":{"start":{"line":84,"column":38},"end":{"line":84,"column":46}},"25":{"start":{"line":85,"column":22},"end":{"line":90,"column":8}},"26":{"start":{"line":92,"column":6},"end":{"line":92,"column":47}},"27":{"start":{"line":93,"column":6},"end":{"line":93,"column":46}},"28":{"start":{"line":95,"column":6},"end":{"line":95,"column":16}},"29":{"start":{"line":118,"column":4},"end":{"line":166,"column":5}},"30":{"start":{"line":119,"column":21},"end":{"line":119,"column":32}},"31":{"start":{"line":120,"column":19},"end":{"line":122,"column":8}},"32":{"start":{"line":124,"column":6},"end":{"line":126,"column":7}},"33":{"start":{"line":125,"column":8},"end":{"line":125,"column":62}},"34":{"start":{"line":128,"column":22},"end":{"line":137,"column":8}},"35":{"start":{"line":139,"column":32},"end":{"line":139,"column":78}},"36":{"start":{"line":142,"column":23},"end":{"line":161,"column":11}},"37":{"start":{"line":145,"column":12},"end":{"line":146,"column":52}},"38":{"start":{"line":148,"column":21},"end":{"line":161,"column":9}},"39":{"start":{"line":152,"column":41},"end":{"line":152,"column":48}},"40":{"start":{"line":156,"column":55},"end":{"line":159,"column":11}},"41":{"start":{"line":163,"column":6},"end":{"line":163,"column":66}},"42":{"start":{"line":165,"column":6},"end":{"line":165,"column":16}},"43":{"start":{"line":191,"column":4},"end":{"line":241,"column":5}},"44":{"start":{"line":192,"column":21},"end":{"line":192,"column":32}},"45":{"start":{"line":193,"column":19},"end":{"line":197,"column":8}},"46":{"start":{"line":199,"column":6},"end":{"line":201,"column":7}},"47":{"start":{"line":200,"column":8},"end":{"line":200,"column":62}},"48":{"start":{"line":203,"column":19},"end":{"line":203,"column":51}},"49":{"start":{"line":204,"column":6},"end":{"line":209,"column":7}},"50":{"start":{"line":205,"column":8},"end":{"line":208,"column":10}},"51":{"start":{"line":211,"column":6},"end":{"line":217,"column":7}},"52":{"start":{"line":212,"column":26},"end":{"line":212,"column":60}},"53":{"start":{"line":213,"column":30},"end":{"line":213,"column":77}},"54":{"start":{"line":215,"column":10},"end":{"line":215,"column":57}},"55":{"start":{"line":216,"column":8},"end":{"line":216,"column":49}},"56":{"start":{"line":219,"column":38},"end":{"line":219,"column":46}},"57":{"start":{"line":224,"column":8},"end":{"line":227,"column":42}},"58":{"start":{"line":229,"column":6},"end":{"line":231,"column":7}},"59":{"start":{"line":230,"column":8},"end":{"line":230,"column":61}},"60":{"start":{"line":233,"column":6},"end":{"line":233,"column":48}},"61":{"start":{"line":233,"column":21},"end":{"line":233,"column":48}},"62":{"start":{"line":234,"column":6},"end":{"line":234,"column":57}},"63":{"start":{"line":234,"column":20},"end":{"line":234,"column":57}},"64":{"start":{"line":236,"column":6},"end":{"line":236,"column":24}},"65":{"start":{"line":237,"column":6},"end":{"line":237,"column":47}},"66":{"start":{"line":238,"column":6},"end":{"line":238,"column":37}},"67":{"start":{"line":240,"column":6},"end":{"line":240,"column":16}},"68":{"start":{"line":264,"column":4},"end":{"line":386,"column":5}},"69":{"start":{"line":265,"column":25},"end":{"line":265,"column":53}},"70":{"start":{"line":267,"column":20},"end":{"line":298,"column":8}},"71":{"start":{"line":300,"column":25},"end":{"line":303,"column":8}},"72":{"start":{"line":305,"column":27},"end":{"line":305,"column":64}},"73":{"start":{"line":305,"column":52},"end":{"line":305,"column":63}},"74":{"start":{"line":307,"column":27},"end":{"line":309,"column":7}},"75":{"start":{"line":308,"column":18},"end":{"line":308,"column":49}},"76":{"start":{"line":312,"column":27},"end":{"line":312,"column":32}},"77":{"start":{"line":314,"column":6},"end":{"line":320,"column":7}},"78":{"start":{"line":315,"column":8},"end":{"line":316,"column":72}},"79":{"start":{"line":318,"column":8},"end":{"line":318,"column":30}},"80":{"start":{"line":319,"column":8},"end":{"line":319,"column":71}},"81":{"start":{"line":322,"column":6},"end":{"line":326,"column":7}},"82":{"start":{"line":323,"column":8},"end":{"line":325,"column":63}},"83":{"start":{"line":333,"column":10},"end":{"line":333,"column":43}},"84":{"start":{"line":334,"column":42},"end":{"line":334,"column":50}},"85":{"start":{"line":337,"column":39},"end":{"line":340,"column":7}},"86":{"start":{"line":343,"column":34},"end":{"line":347,"column":7}},"87":{"start":{"line":345,"column":10},"end":{"line":346,"column":50}},"88":{"start":{"line":350,"column":23},"end":{"line":361,"column":11}},"89":{"start":{"line":351,"column":23},"end":{"line":351,"column":32}},"90":{"start":{"line":352,"column":21},"end":{"line":361,"column":9}},"91":{"start":{"line":356,"column":41},"end":{"line":356,"column":48}},"92":{"start":{"line":363,"column":6},"end":{"line":383,"column":9}},"93":{"start":{"line":370,"column":53},"end":{"line":370,"column":78}},"94":{"start":{"line":385,"column":6},"end":{"line":385,"column":16}},"95":{"start":{"line":405,"column":4},"end":{"line":439,"column":5}},"96":{"start":{"line":406,"column":29},"end":{"line":406,"column":37}},"97":{"start":{"line":408,"column":17},"end":{"line":408,"column":56}},"98":{"start":{"line":409,"column":6},"end":{"line":419,"column":10}},"99":{"start":{"line":415,"column":8},"end":{"line":419,"column":10}},"100":{"start":{"line":421,"column":19},"end":{"line":421,"column":60}},"101":{"start":{"line":422,"column":6},"end":{"line":423,"column":76}},"102":{"start":{"line":423,"column":8},"end":{"line":423,"column":76}},"103":{"start":{"line":424,"column":6},"end":{"line":425,"column":75}},"104":{"start":{"line":425,"column":8},"end":{"line":425,"column":75}},"105":{"start":{"line":427,"column":37},"end":{"line":431,"column":7}},"106":{"start":{"line":433,"column":6},"end":{"line":433,"column":62}},"107":{"start":{"line":434,"column":6},"end":{"line":434,"column":24}},"108":{"start":{"line":435,"column":6},"end":{"line":435,"column":26}},"109":{"start":{"line":436,"column":6},"end":{"line":436,"column":80}},"110":{"start":{"line":438,"column":6},"end":{"line":438,"column":18}},"111":{"start":{"line":443,"column":0},"end":{"line":443,"column":32}}},"fnMap":{"0":{"name":"(anonymous_0)","decl":{"start":{"line":25,"column":2},"end":{"line":25,"column":3}},"loc":{"start":{"line":25,"column":48},"end":{"line":37,"column":3}},"line":25},"1":{"name":"(anonymous_1)","decl":{"start":{"line":60,"column":2},"end":{"line":60,"column":3}},"loc":{"start":{"line":60,"column":42},"end":{"line":97,"column":3}},"line":60},"2":{"name":"(anonymous_2)","decl":{"start":{"line":117,"column":2},"end":{"line":117,"column":3}},"loc":{"start":{"line":117,"column":41},"end":{"line":167,"column":3}},"line":117},"3":{"name":"(anonymous_3)","decl":{"start":{"line":144,"column":10},"end":{"line":144,"column":11}},"loc":{"start":{"line":145,"column":12},"end":{"line":146,"column":52}},"line":145},"4":{"name":"(anonymous_4)","decl":{"start":{"line":148,"column":13},"end":{"line":148,"column":14}},"loc":{"start":{"line":148,"column":21},"end":{"line":161,"column":9}},"line":148},"5":{"name":"(anonymous_5)","decl":{"start":{"line":152,"column":29},"end":{"line":152,"column":30}},"loc":{"start":{"line":152,"column":41},"end":{"line":152,"column":48}},"line":152},"6":{"name":"(anonymous_6)","decl":{"start":{"line":156,"column":36},"end":{"line":156,"column":37}},"loc":{"start":{"line":156,"column":55},"end":{"line":159,"column":11}},"line":156},"7":{"name":"(anonymous_7)","decl":{"start":{"line":190,"column":2},"end":{"line":190,"column":3}},"loc":{"start":{"line":190,"column":44},"end":{"line":242,"column":3}},"line":190},"8":{"name":"(anonymous_8)","decl":{"start":{"line":263,"column":2},"end":{"line":263,"column":3}},"loc":{"start":{"line":263,"column":39},"end":{"line":387,"column":3}},"line":263},"9":{"name":"(anonymous_9)","decl":{"start":{"line":305,"column":42},"end":{"line":305,"column":43}},"loc":{"start":{"line":305,"column":52},"end":{"line":305,"column":63}},"line":305},"10":{"name":"(anonymous_10)","decl":{"start":{"line":308,"column":8},"end":{"line":308,"column":9}},"loc":{"start":{"line":308,"column":18},"end":{"line":308,"column":49}},"line":308},"11":{"name":"(anonymous_11)","decl":{"start":{"line":344,"column":8},"end":{"line":344,"column":9}},"loc":{"start":{"line":345,"column":10},"end":{"line":346,"column":50}},"line":345},"12":{"name":"(anonymous_12)","decl":{"start":{"line":351,"column":16},"end":{"line":351,"column":17}},"loc":{"start":{"line":351,"column":23},"end":{"line":351,"column":32}},"line":351},"13":{"name":"(anonymous_13)","decl":{"start":{"line":352,"column":13},"end":{"line":352,"column":14}},"loc":{"start":{"line":352,"column":21},"end":{"line":361,"column":9}},"line":352},"14":{"name":"(anonymous_14)","decl":{"start":{"line":356,"column":29},"end":{"line":356,"column":30}},"loc":{"start":{"line":356,"column":41},"end":{"line":356,"column":48}},"line":356},"15":{"name":"(anonymous_15)","decl":{"start":{"line":370,"column":46},"end":{"line":370,"column":47}},"loc":{"start":{"line":370,"column":53},"end":{"line":370,"column":78}},"line":370},"16":{"name":"(anonymous_16)","decl":{"start":{"line":404,"column":2},"end":{"line":404,"column":3}},"loc":{"start":{"line":404,"column":43},"end":{"line":440,"column":3}},"line":404}},"branchMap":{"0":{"loc":{"start":{"line":28,"column":6},"end":{"line":30,"column":7}},"type":"if","locations":[{"start":{"line":28,"column":6},"end":{"line":30,"column":7}},{"start":{},"end":{}}],"line":28},"1":{"loc":{"start":{"line":63,"column":6},"end":{"line":68,"column":7}},"type":"if","locations":[{"start":{"line":63,"column":6},"end":{"line":68,"column":7}},{"start":{},"end":{}}],"line":63},"2":{"loc":{"start":{"line":71,"column":6},"end":{"line":76,"column":7}},"type":"if","locations":[{"start":{"line":71,"column":6},"end":{"line":76,"column":7}},{"start":{},"end":{}}],"line":71},"3":{"loc":{"start":{"line":78,"column":6},"end":{"line":78,"column":80}},"type":"if","locations":[{"start":{"line":78,"column":6},"end":{"line":78,"column":80}},{"start":{},"end":{}}],"line":78},"4":{"loc":{"start":{"line":124,"column":6},"end":{"line":126,"column":7}},"type":"if","locations":[{"start":{"line":124,"column":6},"end":{"line":126,"column":7}},{"start":{},"end":{}}],"line":124},"5":{"loc":{"start":{"line":145,"column":12},"end":{"line":146,"column":52}},"type":"binary-expr","locations":[{"start":{"line":145,"column":12},"end":{"line":145,"column":53}},{"start":{"line":146,"column":12},"end":{"line":146,"column":52}}],"line":145},"6":{"loc":{"start":{"line":199,"column":6},"end":{"line":201,"column":7}},"type":"if","locations":[{"start":{"line":199,"column":6},"end":{"line":201,"column":7}},{"start":{},"end":{}}],"line":199},"7":{"loc":{"start":{"line":204,"column":6},"end":{"line":209,"column":7}},"type":"if","locations":[{"start":{"line":204,"column":6},"end":{"line":209,"column":7}},{"start":{},"end":{}}],"line":204},"8":{"loc":{"start":{"line":211,"column":6},"end":{"line":217,"column":7}},"type":"if","locations":[{"start":{"line":211,"column":6},"end":{"line":217,"column":7}},{"start":{},"end":{}}],"line":211},"9":{"loc":{"start":{"line":224,"column":8},"end":{"line":227,"column":42}},"type":"binary-expr","locations":[{"start":{"line":224,"column":9},"end":{"line":224,"column":18}},{"start":{"line":224,"column":22},"end":{"line":224,"column":50}},{"start":{"line":225,"column":9},"end":{"line":225,"column":17}},{"start":{"line":226,"column":10},"end":{"line":227,"column":41}}],"line":224},"10":{"loc":{"start":{"line":229,"column":6},"end":{"line":231,"column":7}},"type":"if","locations":[{"start":{"line":229,"column":6},"end":{"line":231,"column":7}},{"start":{},"end":{}}],"line":229},"11":{"loc":{"start":{"line":233,"column":6},"end":{"line":233,"column":48}},"type":"if","locations":[{"start":{"line":233,"column":6},"end":{"line":233,"column":48}},{"start":{},"end":{}}],"line":233},"12":{"loc":{"start":{"line":234,"column":6},"end":{"line":234,"column":57}},"type":"if","locations":[{"start":{"line":234,"column":6},"end":{"line":234,"column":57}},{"start":{},"end":{}}],"line":234},"13":{"loc":{"start":{"line":270,"column":14},"end":{"line":271,"column":61}},"type":"binary-expr","locations":[{"start":{"line":270,"column":14},"end":{"line":270,"column":42}},{"start":{"line":271,"column":12},"end":{"line":271,"column":26}},{"start":{"line":271,"column":30},"end":{"line":271,"column":61}}],"line":270},"14":{"loc":{"start":{"line":314,"column":6},"end":{"line":320,"column":7}},"type":"if","locations":[{"start":{"line":314,"column":6},"end":{"line":320,"column":7}},{"start":{"line":317,"column":13},"end":{"line":320,"column":7}}],"line":314},"15":{"loc":{"start":{"line":322,"column":6},"end":{"line":326,"column":7}},"type":"if","locations":[{"start":{"line":322,"column":6},"end":{"line":326,"column":7}},{"start":{},"end":{}}],"line":322},"16":{"loc":{"start":{"line":345,"column":10},"end":{"line":346,"column":50}},"type":"binary-expr","locations":[{"start":{"line":345,"column":10},"end":{"line":345,"column":51}},{"start":{"line":346,"column":10},"end":{"line":346,"column":50}}],"line":345},"17":{"loc":{"start":{"line":409,"column":6},"end":{"line":419,"column":10}},"type":"if","locations":[{"start":{"line":409,"column":6},"end":{"line":419,"column":10}},{"start":{},"end":{}}],"line":409},"18":{"loc":{"start":{"line":410,"column":8},"end":{"line":413,"column":28}},"type":"binary-expr","locations":[{"start":{"line":410,"column":8},"end":{"line":410,"column":11}},{"start":{"line":411,"column":8},"end":{"line":411,"column":32}},{"start":{"line":412,"column":8},"end":{"line":412,"column":33}},{"start":{"line":413,"column":8},"end":{"line":413,"column":28}}],"line":410},"19":{"loc":{"start":{"line":422,"column":6},"end":{"line":423,"column":76}},"type":"if","locations":[{"start":{"line":422,"column":6},"end":{"line":423,"column":76}},{"start":{},"end":{}}],"line":422},"20":{"loc":{"start":{"line":424,"column":6},"end":{"line":425,"column":75}},"type":"if","locations":[{"start":{"line":424,"column":6},"end":{"line":425,"column":75}},{"start":{},"end":{}}],"line":424},"21":{"loc":{"start":{"line":424,"column":10},"end":{"line":424,"column":58}},"type":"binary-expr","locations":[{"start":{"line":424,"column":10},"end":{"line":424,"column":31}},{"start":{"line":424,"column":35},"end":{"line":424,"column":58}}],"line":424}},"s":{"0":6,"1":6,"2":6,"3":6,"4":6,"5":2,"6":2,"7":2,"8":1,"9":1,"10":1,"11":1,"12":4,"13":4,"14":4,"15":1,"16":3,"17":3,"18":1,"19":2,"20":1,"21":1,"22":1,"23":1,"24":1,"25":1,"26":1,"27":1,"28":3,"29":2,"30":2,"31":2,"32":2,"33":1,"34":1,"35":1,"36":1,"37":0,"38":0,"39":0,"40":0,"41":1,"42":1,"43":6,"44":6,"45":6,"46":6,"47":1,"48":5,"49":5,"50":1,"51":4,"52":1,"53":1,"54":1,"55":1,"56":4,"57":4,"58":4,"59":2,"60":4,"61":3,"62":4,"63":4,"64":4,"65":4,"66":4,"67":2,"68":5,"69":5,"70":5,"71":5,"72":5,"73":1,"74":5,"75":9,"76":5,"77":5,"78":5,"79":0,"80":0,"81":5,"82":0,"83":5,"84":5,"85":5,"86":5,"87":1,"88":5,"89":1,"90":1,"91":3,"92":5,"93":1,"94":0,"95":4,"96":4,"97":4,"98":4,"99":1,"100":3,"101":3,"102":1,"103":2,"104":1,"105":1,"106":1,"107":1,"108":1,"109":1,"110":3,"111":6},"f":{"0":2,"1":4,"2":2,"3":0,"4":0,"5":0,"6":0,"7":6,"8":5,"9":1,"10":9,"11":1,"12":1,"13":1,"14":3,"15":1,"16":4},"b":{"0":[1,1],"1":[1,3],"2":[1,2],"3":[1,1],"4":[1,1],"5":[0,0],"6":[1,5],"7":[1,4],"8":[1,3],"9":[4,3,2,2],"10":[2,2],"11":[3,1],"12":[4,0],"13":[5,1,1],"14":[5,0],"15":[0,5],"16":[1,0],"17":[1,3],"18":[4,3,3,3],"19":[1,2],"20":[1,1],"21":[2,1]},"_coverageSchema":"1a1c01bbd47fc00a2c39e90264f33305004495a9","hash":"c732a148192e19f373cc671329bc1ef82afc7ce7"}
,"D:\\Hacktiv8\\Phase 3\\Final Project\\impression-server\\controllers\\ratingController.js": {"path":"D:\\Hacktiv8\\Phase 3\\Final Project\\impression-server\\controllers\\ratingController.js","statementMap":{"0":{"start":{"line":1,"column":31},"end":{"line":1,"column":51}},"1":{"start":{"line":22,"column":4},"end":{"line":104,"column":5}},"2":{"start":{"line":23,"column":42},"end":{"line":23,"column":50}},"3":{"start":{"line":24,"column":6},"end":{"line":26,"column":7}},"4":{"start":{"line":25,"column":8},"end":{"line":25,"column":69}},"5":{"start":{"line":28,"column":19},"end":{"line":28,"column":46}},"6":{"start":{"line":29,"column":6},"end":{"line":31,"column":7}},"7":{"start":{"line":30,"column":8},"end":{"line":30,"column":62}},"8":{"start":{"line":33,"column":6},"end":{"line":35,"column":7}},"9":{"start":{"line":34,"column":8},"end":{"line":34,"column":73}},"10":{"start":{"line":37,"column":29},"end":{"line":39,"column":7}},"11":{"start":{"line":38,"column":19},"end":{"line":38,"column":69}},"12":{"start":{"line":40,"column":6},"end":{"line":45,"column":7}},"13":{"start":{"line":41,"column":8},"end":{"line":44,"column":10}},"14":{"start":{"line":47,"column":6},"end":{"line":52,"column":7}},"15":{"start":{"line":48,"column":8},"end":{"line":51,"column":10}},"16":{"start":{"line":54,"column":6},"end":{"line":59,"column":7}},"17":{"start":{"line":55,"column":8},"end":{"line":58,"column":10}},"18":{"start":{"line":62,"column":23},"end":{"line":62,"column":31}},"19":{"start":{"line":63,"column":6},"end":{"line":72,"column":7}},"20":{"start":{"line":64,"column":8},"end":{"line":64,"column":46}},"21":{"start":{"line":66,"column":26},"end":{"line":68,"column":10}},"22":{"start":{"line":69,"column":8},"end":{"line":71,"column":9}},"23":{"start":{"line":70,"column":10},"end":{"line":70,"column":47}},"24":{"start":{"line":75,"column":27},"end":{"line":75,"column":75}},"25":{"start":{"line":77,"column":29},"end":{"line":79,"column":8}},"26":{"start":{"line":81,"column":6},"end":{"line":101,"column":7}},"27":{"start":{"line":83,"column":8},"end":{"line":87,"column":11}},"28":{"start":{"line":88,"column":8},"end":{"line":88,"column":77}},"29":{"start":{"line":89,"column":8},"end":{"line":89,"column":73}},"30":{"start":{"line":92,"column":8},"end":{"line":98,"column":11}},"31":{"start":{"line":99,"column":8},"end":{"line":99,"column":77}},"32":{"start":{"line":100,"column":8},"end":{"line":100,"column":73}},"33":{"start":{"line":103,"column":6},"end":{"line":103,"column":16}},"34":{"start":{"line":108,"column":0},"end":{"line":108,"column":34}}},"fnMap":{"0":{"name":"(anonymous_0)","decl":{"start":{"line":21,"column":2},"end":{"line":21,"column":3}},"loc":{"start":{"line":21,"column":44},"end":{"line":105,"column":3}},"line":21},"1":{"name":"(anonymous_1)","decl":{"start":{"line":38,"column":8},"end":{"line":38,"column":9}},"loc":{"start":{"line":38,"column":19},"end":{"line":38,"column":69}},"line":38}},"branchMap":{"0":{"loc":{"start":{"line":24,"column":6},"end":{"line":26,"column":7}},"type":"if","locations":[{"start":{"line":24,"column":6},"end":{"line":26,"column":7}},{"start":{},"end":{}}],"line":24},"1":{"loc":{"start":{"line":29,"column":6},"end":{"line":31,"column":7}},"type":"if","locations":[{"start":{"line":29,"column":6},"end":{"line":31,"column":7}},{"start":{},"end":{}}],"line":29},"2":{"loc":{"start":{"line":33,"column":6},"end":{"line":35,"column":7}},"type":"if","locations":[{"start":{"line":33,"column":6},"end":{"line":35,"column":7}},{"start":{},"end":{}}],"line":33},"3":{"loc":{"start":{"line":38,"column":19},"end":{"line":38,"column":69}},"type":"binary-expr","locations":[{"start":{"line":38,"column":19},"end":{"line":38,"column":43}},{"start":{"line":38,"column":47},"end":{"line":38,"column":56}},{"start":{"line":38,"column":60},"end":{"line":38,"column":69}}],"line":38},"4":{"loc":{"start":{"line":40,"column":6},"end":{"line":45,"column":7}},"type":"if","locations":[{"start":{"line":40,"column":6},"end":{"line":45,"column":7}},{"start":{},"end":{}}],"line":40},"5":{"loc":{"start":{"line":47,"column":6},"end":{"line":52,"column":7}},"type":"if","locations":[{"start":{"line":47,"column":6},"end":{"line":52,"column":7}},{"start":{},"end":{}}],"line":47},"6":{"loc":{"start":{"line":54,"column":6},"end":{"line":59,"column":7}},"type":"if","locations":[{"start":{"line":54,"column":6},"end":{"line":59,"column":7}},{"start":{},"end":{}}],"line":54},"7":{"loc":{"start":{"line":63,"column":6},"end":{"line":72,"column":7}},"type":"if","locations":[{"start":{"line":63,"column":6},"end":{"line":72,"column":7}},{"start":{"line":65,"column":13},"end":{"line":72,"column":7}}],"line":63},"8":{"loc":{"start":{"line":69,"column":8},"end":{"line":71,"column":9}},"type":"if","locations":[{"start":{"line":69,"column":8},"end":{"line":71,"column":9}},{"start":{},"end":{}}],"line":69},"9":{"loc":{"start":{"line":69,"column":12},"end":{"line":69,"column":63}},"type":"binary-expr","locations":[{"start":{"line":69,"column":12},"end":{"line":69,"column":21}},{"start":{"line":69,"column":25},"end":{"line":69,"column":63}}],"line":69},"10":{"loc":{"start":{"line":75,"column":27},"end":{"line":75,"column":75}},"type":"cond-expr","locations":[{"start":{"line":75,"column":53},"end":{"line":75,"column":57}},{"start":{"line":75,"column":60},"end":{"line":75,"column":75}}],"line":75},"11":{"loc":{"start":{"line":75,"column":60},"end":{"line":75,"column":75}},"type":"binary-expr","locations":[{"start":{"line":75,"column":60},"end":{"line":75,"column":67}},{"start":{"line":75,"column":71},"end":{"line":75,"column":75}}],"line":75},"12":{"loc":{"start":{"line":81,"column":6},"end":{"line":101,"column":7}},"type":"if","locations":[{"start":{"line":81,"column":6},"end":{"line":101,"column":7}},{"start":{"line":90,"column":13},"end":{"line":101,"column":7}}],"line":81}},"s":{"0":6,"1":10,"2":10,"3":10,"4":1,"5":9,"6":9,"7":1,"8":8,"9":1,"10":7,"11":20,"12":7,"13":1,"14":6,"15":1,"16":5,"17":1,"18":4,"19":4,"20":1,"21":3,"22":3,"23":1,"24":4,"25":4,"26":4,"27":1,"28":1,"29":1,"30":3,"31":3,"32":3,"33":6,"34":6},"f":{"0":10,"1":20},"b":{"0":[1,9],"1":[1,8],"2":[1,7],"3":[20,20,20],"4":[1,6],"5":[1,5],"6":[1,4],"7":[1,3],"8":[1,2],"9":[3,3],"10":[2,2],"11":[2,0],"12":[1,3]},"_coverageSchema":"1a1c01bbd47fc00a2c39e90264f33305004495a9","hash":"338d8a66970712c83408596d8db0f015dd7f24ff"}
,"D:\\Hacktiv8\\Phase 3\\Final Project\\impression-server\\helpers\\bcrypt.js": {"path":"D:\\Hacktiv8\\Phase 3\\Final Project\\impression-server\\helpers\\bcrypt.js","statementMap":{"0":{"start":{"line":1,"column":15},"end":{"line":1,"column":34}},"1":{"start":{"line":3,"column":21},"end":{"line":7,"column":1}},"2":{"start":{"line":4,"column":15},"end":{"line":4,"column":37}},"3":{"start":{"line":5,"column":15},"end":{"line":5,"column":46}},"4":{"start":{"line":6,"column":2},"end":{"line":6,"column":14}},"5":{"start":{"line":9,"column":24},"end":{"line":11,"column":1}},"6":{"start":{"line":10,"column":2},"end":{"line":10,"column":50}},"7":{"start":{"line":13,"column":0},"end":{"line":16,"column":2}}},"fnMap":{"0":{"name":"(anonymous_0)","decl":{"start":{"line":3,"column":21},"end":{"line":3,"column":22}},"loc":{"start":{"line":3,"column":35},"end":{"line":7,"column":1}},"line":3},"1":{"name":"(anonymous_1)","decl":{"start":{"line":9,"column":24},"end":{"line":9,"column":25}},"loc":{"start":{"line":9,"column":50},"end":{"line":11,"column":1}},"line":9}},"branchMap":{},"s":{"0":6,"1":6,"2":26,"3":26,"4":26,"5":6,"6":2,"7":6},"f":{"0":26,"1":2},"b":{},"_coverageSchema":"1a1c01bbd47fc00a2c39e90264f33305004495a9","hash":"93ebbf2a5378b9bddaca7f405ca903821fddc9d9"}
,"D:\\Hacktiv8\\Phase 3\\Final Project\\impression-server\\helpers\\cloudinary.js": {"path":"D:\\Hacktiv8\\Phase 3\\Final Project\\impression-server\\helpers\\cloudinary.js","statementMap":{"0":{"start":{"line":1,"column":19},"end":{"line":1,"column":43}},"1":{"start":{"line":3,"column":0},"end":{"line":7,"column":3}},"2":{"start":{"line":9,"column":0},"end":{"line":9,"column":28}}},"fnMap":{},"branchMap":{},"s":{"0":4,"1":4,"2":4},"f":{},"b":{},"_coverageSchema":"1a1c01bbd47fc00a2c39e90264f33305004495a9","hash":"7ce3b08c3a70a31e906cf3d655f8ad29e78b5b26"}
,"D:\\Hacktiv8\\Phase 3\\Final Project\\impression-server\\helpers\\gemini.js": {"path":"D:\\Hacktiv8\\Phase 3\\Final Project\\impression-server\\helpers\\gemini.js","statementMap":{"0":{"start":{"line":1,"column":24},"end":{"line":1,"column":48}},"1":{"start":{"line":3,"column":11},"end":{"line":3,"column":66}},"2":{"start":{"line":5,"column":14},"end":{"line":11,"column":1}},"3":{"start":{"line":6,"column":19},"end":{"line":9,"column":4}},"4":{"start":{"line":10,"column":2},"end":{"line":10,"column":23}},"5":{"start":{"line":13,"column":30},"end":{"line":17,"column":1}},"6":{"start":{"line":14,"column":19},"end":{"line":14,"column":38}},"7":{"start":{"line":15,"column":15},"end":{"line":15,"column":72}},"8":{"start":{"line":16,"column":2},"end":{"line":16,"column":26}},"9":{"start":{"line":19,"column":25},"end":{"line":28,"column":1}},"10":{"start":{"line":20,"column":17},"end":{"line":24,"column":102}},"11":{"start":{"line":26,"column":17},"end":{"line":26,"column":52}},"12":{"start":{"line":27,"column":2},"end":{"line":27,"column":25}},"13":{"start":{"line":30,"column":23},"end":{"line":55,"column":1}},"14":{"start":{"line":31,"column":17},"end":{"line":51,"column":64}},"15":{"start":{"line":53,"column":17},"end":{"line":53,"column":52}},"16":{"start":{"line":54,"column":2},"end":{"line":54,"column":16}},"17":{"start":{"line":57,"column":0},"end":{"line":57,"column":84}}},"fnMap":{"0":{"name":"(anonymous_0)","decl":{"start":{"line":5,"column":14},"end":{"line":5,"column":15}},"loc":{"start":{"line":5,"column":32},"end":{"line":11,"column":1}},"line":5},"1":{"name":"(anonymous_1)","decl":{"start":{"line":13,"column":30},"end":{"line":13,"column":31}},"loc":{"start":{"line":13,"column":48},"end":{"line":17,"column":1}},"line":13},"2":{"name":"(anonymous_2)","decl":{"start":{"line":19,"column":25},"end":{"line":19,"column":26}},"loc":{"start":{"line":19,"column":46},"end":{"line":28,"column":1}},"line":19},"3":{"name":"(anonymous_3)","decl":{"start":{"line":30,"column":23},"end":{"line":30,"column":24}},"loc":{"start":{"line":30,"column":58},"end":{"line":55,"column":1}},"line":30}},"branchMap":{},"s":{"0":5,"1":5,"2":5,"3":0,"4":0,"5":5,"6":0,"7":0,"8":0,"9":5,"10":0,"11":0,"12":0,"13":5,"14":0,"15":0,"16":0,"17":5},"f":{"0":0,"1":0,"2":0,"3":0},"b":{},"_coverageSchema":"1a1c01bbd47fc00a2c39e90264f33305004495a9","hash":"76ffc5683eac6ebe9631ae90727dd8682f3aebc3"}
,"D:\\Hacktiv8\\Phase 3\\Final Project\\impression-server\\helpers\\jwt.js": {"path":"D:\\Hacktiv8\\Phase 3\\Final Project\\impression-server\\helpers\\jwt.js","statementMap":{"0":{"start":{"line":1,"column":12},"end":{"line":1,"column":35}},"1":{"start":{"line":3,"column":18},"end":{"line":5,"column":1}},"2":{"start":{"line":4,"column":2},"end":{"line":4,"column":51}},"3":{"start":{"line":7,"column":20},"end":{"line":9,"column":1}},"4":{"start":{"line":8,"column":2},"end":{"line":8,"column":51}},"5":{"start":{"line":11,"column":0},"end":{"line":11,"column":44}}},"fnMap":{"0":{"name":"(anonymous_0)","decl":{"start":{"line":3,"column":18},"end":{"line":3,"column":19}},"loc":{"start":{"line":3,"column":31},"end":{"line":5,"column":1}},"line":3},"1":{"name":"(anonymous_1)","decl":{"start":{"line":7,"column":20},"end":{"line":7,"column":21}},"loc":{"start":{"line":7,"column":31},"end":{"line":9,"column":1}},"line":7}},"branchMap":{},"s":{"0":6,"1":6,"2":23,"3":6,"4":90,"5":6},"f":{"0":23,"1":90},"b":{},"_coverageSchema":"1a1c01bbd47fc00a2c39e90264f33305004495a9","hash":"4710f3b9aa67b16c9555ec3ddf4ace85e7e37839"}
,"D:\\Hacktiv8\\Phase 3\\Final Project\\impression-server\\helpers\\multer.js": {"path":"D:\\Hacktiv8\\Phase 3\\Final Project\\impression-server\\helpers\\multer.js","statementMap":{"0":{"start":{"line":1,"column":15},"end":{"line":1,"column":32}},"1":{"start":{"line":3,"column":15},"end":{"line":3,"column":58}},"2":{"start":{"line":5,"column":0},"end":{"line":5,"column":24}}},"fnMap":{},"branchMap":{},"s":{"0":6,"1":6,"2":6},"f":{},"b":{},"_coverageSchema":"1a1c01bbd47fc00a2c39e90264f33305004495a9","hash":"59cbcc43fb25c75633c9c4e283bd3dd86d025430"}
,"D:\\Hacktiv8\\Phase 3\\Final Project\\impression-server\\helpers\\ratingHelper.js": {"path":"D:\\Hacktiv8\\Phase 3\\Final Project\\impression-server\\helpers\\ratingHelper.js","statementMap":{"0":{"start":{"line":1,"column":31},"end":{"line":34,"column":1}},"1":{"start":{"line":3,"column":24},"end":{"line":3,"column":72}},"2":{"start":{"line":3,"column":46},"end":{"line":3,"column":71}},"3":{"start":{"line":4,"column":30},"end":{"line":8,"column":3}},"4":{"start":{"line":6,"column":6},"end":{"line":7,"column":46}},"5":{"start":{"line":11,"column":27},"end":{"line":28,"column":3}},"6":{"start":{"line":12,"column":4},"end":{"line":27,"column":7}},"7":{"start":{"line":13,"column":21},"end":{"line":15,"column":50}},"8":{"start":{"line":14,"column":20},"end":{"line":14,"column":35}},"9":{"start":{"line":15,"column":27},"end":{"line":15,"column":49}},"10":{"start":{"line":18,"column":8},"end":{"line":20,"column":13}},"11":{"start":{"line":19,"column":40},"end":{"line":19,"column":49}},"12":{"start":{"line":22,"column":6},"end":{"line":26,"column":8}},"13":{"start":{"line":30,"column":2},"end":{"line":33,"column":4}},"14":{"start":{"line":36,"column":0},"end":{"line":36,"column":44}}},"fnMap":{"0":{"name":"(anonymous_0)","decl":{"start":{"line":1,"column":31},"end":{"line":1,"column":32}},"loc":{"start":{"line":1,"column":64},"end":{"line":34,"column":1}},"line":1},"1":{"name":"(anonymous_1)","decl":{"start":{"line":3,"column":39},"end":{"line":3,"column":40}},"loc":{"start":{"line":3,"column":46},"end":{"line":3,"column":71}},"line":3},"2":{"name":"(anonymous_2)","decl":{"start":{"line":5,"column":4},"end":{"line":5,"column":5}},"loc":{"start":{"line":6,"column":6},"end":{"line":7,"column":46}},"line":6},"3":{"name":"(anonymous_3)","decl":{"start":{"line":11,"column":27},"end":{"line":11,"column":28}},"loc":{"start":{"line":11,"column":47},"end":{"line":28,"column":3}},"line":11},"4":{"name":"(anonymous_4)","decl":{"start":{"line":12,"column":24},"end":{"line":12,"column":25}},"loc":{"start":{"line":12,"column":42},"end":{"line":27,"column":5}},"line":12},"5":{"name":"(anonymous_5)","decl":{"start":{"line":14,"column":13},"end":{"line":14,"column":14}},"loc":{"start":{"line":14,"column":20},"end":{"line":14,"column":35}},"line":14},"6":{"name":"(anonymous_6)","decl":{"start":{"line":15,"column":16},"end":{"line":15,"column":17}},"loc":{"start":{"line":15,"column":27},"end":{"line":15,"column":49}},"line":15},"7":{"name":"(anonymous_7)","decl":{"start":{"line":19,"column":26},"end":{"line":19,"column":27}},"loc":{"start":{"line":19,"column":40},"end":{"line":19,"column":49}},"line":19}},"branchMap":{"0":{"loc":{"start":{"line":1,"column":32},"end":{"line":1,"column":45}},"type":"default-arg","locations":[{"start":{"line":1,"column":43},"end":{"line":1,"column":45}}],"line":1},"1":{"loc":{"start":{"line":1,"column":47},"end":{"line":1,"column":59}},"type":"default-arg","locations":[{"start":{"line":1,"column":57},"end":{"line":1,"column":59}}],"line":1},"2":{"loc":{"start":{"line":6,"column":6},"end":{"line":7,"column":46}},"type":"binary-expr","locations":[{"start":{"line":6,"column":6},"end":{"line":6,"column":47}},{"start":{"line":7,"column":6},"end":{"line":7,"column":46}}],"line":6},"3":{"loc":{"start":{"line":18,"colum
[...]
,"D:\\Hacktiv8\\Phase 3\\Final Project\\impression-server\\models\\communitymember.js": {"path":"D:\\Hacktiv8\\Phase 3\\Final Project\\impression-server\\models\\communitymember.js","statementMap":{"0":{"start":{"line":2,"column":18},"end":{"line":2,"column":38}},"1":{"start":{"line":3,"column":0},"end":{"line":55,"column":2}},"2":{"start":{"line":12,"column":6},"end":{"line":12,"column":71}},"3":{"start":{"line":13,"column":6},"end":{"line":15,"column":9}},"4":{"start":{"line":18,"column":2},"end":{"line":53,"column":4}},"5":{"start":{"line":54,"column":2},"end":{"line":54,"column":25}}},"fnMap":{"0":{"name":"(anonymous_0)","decl":{"start":{"line":3,"column":17},"end":{"line":3,"column":18}},"loc":{"start":{"line":3,"column":43},"end":{"line":55,"column":1}},"line":3},"1":{"name":"(anonymous_1)","decl":{"start":{"line":10,"column":4},"end":{"line":10,"column":5}},"loc":{"start":{"line":10,"column":29},"end":{"line":16,"column":5}},"line":10}},"branchMap":{},"s":{"0":6,"1":6,"2":6,"3":6,"4":6,"5":6},"f":{"0":6,"1":6},"b":{},"_coverageSchema":"1a1c01bbd47fc00a2c39e90264f33305004495a9","hash":"f6fc35006a06f7f25f8a3d6ae83cad648640c703"}
,"D:\\Hacktiv8\\Phase 3\\Final Project\\impression-server\\models\\communitypost.js": {"path":"D:\\Hacktiv8\\Phase 3\\Final Project\\impression-server\\models\\communitypost.js","statementMap":{"0":{"start":{"line":2,"column":18},"end":{"line":2,"column":38}},"1":{"start":{"line":3,"column":0},"end":{"line":57,"column":2}},"2":{"start":{"line":12,"column":6},"end":{"line":12,"column":69}},"3":{"start":{"line":13,"column":6},"end":{"line":13,"column":79}},"4":{"start":{"line":16,"column":2},"end":{"line":55,"column":4}},"5":{"start":{"line":56,"column":2},"end":{"line":56,"column":23}}},"fnMap":{"0":{"name":"(anonymous_0)","decl":{"start":{"line":3,"column":17},"end":{"line":3,"column":18}},"loc":{"start":{"line":3,"column":43},"end":{"line":57,"column":1}},"line":3},"1":{"name":"(anonymous_1)","decl":{"start":{"line":10,"column":4},"end":{"line":10,"column":5}},"loc":{"start":{"line":10,"column":29},"end":{"line":14,"column":5}},"line":10}},"branchMap":{},"s":{"0":6,"1":6,"2":6,"3":6,"4":6,"5":6},"f":{"0":6,"1":6},"b":{},"_coverageSchema":"1a1c01bbd47fc00a2c39e90264f33305004495a9","hash":"b4242afcd31f832f3f3054316b449843ed7ccd06"}
,"D:\\Hacktiv8\\Phase 3\\Final Project\\impression-server\\models\\cv.js": {"path":"D:\\Hacktiv8\\Phase 3\\Final Project\\impression-server\\models\\cv.js","statementMap":{"0":{"start":{"line":2,"column":18},"end":{"line":2,"column":38}},"1":{"start":{"line":3,"column":0},"end":{"line":48,"column":2}},"2":{"start":{"line":12,"column":6},"end":{"line":12,"column":58}},"3":{"start":{"line":15,"column":2},"end":{"line":46,"column":4}},"4":{"start":{"line":47,"column":2},"end":{"line":47,"column":12}}},"fnMap":{"0":{"name":"(anonymous_0)","decl":{"start":{"line":3,"column":17},"end":{"line":3,"column":18}},"loc":{"start":{"line":3,"column":43},"end":{"line":48,"column":1}},"line":3},"1":{"name":"(anonymous_1)","decl":{"start":{"line":10,"column":4},"end":{"line":10,"column":5}},"loc":{"start":{"line":10,"column":29},"end":{"line":13,"column":5}},"line":10}},"branchMap":{},"s":{"0":6,"1":6,"2":6,"3":6,"4":6},"f":{"0":6,"1":6},"b":{},"_coverageSchema":"1a1c01bbd47fc00a2c39e90264f33305004495a9","hash":"afae78829bb4e0227329a86438ef049d833a1b45"}
,"D:\\Hacktiv8\\Phase 3\\Final Project\\impression-server\\models\\index.js": {"path":"D:\\Hacktiv8\\Phase 3\\Final Project\\impression-server\\models\\index.js","statementMap":{"0":{"start":{"line":3,"column":11},"end":{"line":3,"column":24}},"1":{"start":{"line":4,"column":13},"end":{"line":4,"column":28}},"2":{"start":{"line":5,"column":18},"end":{"line":5,"column":38}},"3":{"start":{"line":6,"column":16},"end":{"line":6,"column":34}},"4":{"start":{"line":7,"column":17},"end":{"line":7,"column":42}},"5":{"start":{"line":8,"column":12},"end":{"line":8,"column":49}},"6":{"start":{"line":9,"column":15},"end":{"line":9,"column":65}},"7":{"start":{"line":10,"column":11},"end":{"line":10,"column":13}},"8":{"start":{"line":13,"column":0},"end":{"line":17,"column":1}},"9":{"start":{"line":14,"column":2},"end":{"line":14,"column":74}},"10":{"start":{"line":16,"column":2},"end":{"line":16,"column":87}},"11":{"start":{"line":19,"column":0},"end":{"line":32,"column":5}},"12":{"start":{"line":22,"column":4},"end":{"line":27,"column":6}},"13":{"start":{"line":30,"column":18},"end":{"line":30,"column":85}},"14":{"start":{"line":31,"column":4},"end":{"line":31,"column":27}},"15":{"start":{"line":34,"column":0},"end":{"line":38,"column":3}},"16":{"start":{"line":35,"column":2},"end":{"line":37,"column":3}},"17":{"start":{"line":36,"column":4},"end":{"line":36,"column":32}},"18":{"start":{"line":40,"column":0},"end":{"line":40,"column":25}},"19":{"start":{"line":41,"column":0},"end":{"line":41,"column":25}},"20":{"start":{"line":43,"column":0},"end":{"line":43,"column":20}}},"fnMap":{"0":{"name":"(anonymous_0)","decl":{"start":{"line":21,"column":10},"end":{"line":21,"column":11}},"loc":{"start":{"line":21,"column":18},"end":{"line":28,"column":3}},"line":21},"1":{"name":"(anonymous_1)","decl":{"start":{"line":29,"column":11},"end":{"line":29,"column":12}},"loc":{"start":{"line":29,"column":19},"end":{"line":32,"column":3}},"line":29},"2":{"name":"(anonymous_2)","decl":{"start":{"line":34,"column":24},"end":{"line":34,"column":25}},"loc":{"start":{"line":34,"column":37},"end":{"line":38,"column":1}},"line":34}},"branchMap":{"0":{"loc":{"start":{"line":8,"column":12},"end":{"line":8,"column":49}},"type":"binary-expr","locations":[{"start":{"line":8,"column":12},"end":{"line":8,"column":32}},{"start":{"line":8,"column":36},"end":{"line":8,"column":49}}],"line":8},"1":{"loc":{"start":{"line":13,"column":0},"end":{"line":17,"column":1}},"type":"if","locations":[{"start":{"line":13,"column":0},"end":{"line":17,"column":1}},{"start":{"line":15,"column":7},"end":{"line":17,"column":1}}],"line":13},"2":{"loc":{"start":{"line":23,"column":6},"end":{"line":26,"column":37}},"type":"binary-expr","locations":[{"start":{"line":23,"column":6},"end":{"line":23,"column":29}},{"start":{"line":24,"column":6},"end":{"line":24,"column":23}},{"start":{"line":25,"column":6},"end":{"line":25,"column":30}},{"start":{"line":26,"column":6},"end":{"line":26,"column":37}}],"line":23},"3":{"loc":{"start":{"line":35,"column":2},"end":{"line":37,"column":3}},"type":"if","locations":[{"start":{"line":35,"column":2},"end":{"line":37,"column":3}},{"start":{},"end":{}}],"line":35}},"s":{"0":6,"1":6,"2":6,"3":6,"4":6,"5":6,"6":6,"7":6,"8":6,"9":0,"10":6,"11":6,"12":48,"13":42,"14":42,"15":6,"16":42,"17":42,"18":6,"19":6,"20":6},"f":{"0":48,"1":42,"2":42},"b":{"0":[6,0],"1":[0,6],"2":[48,48,42,42],"3":[42,0]},"_coverageSchema":"1a1c01bbd47fc00a2c39e90264f33305004495a9","hash":"a77b0504c8c4872a41f64d415d3882ff967a0b00"}
,"D:\\Hacktiv8\\Phase 3\\Final Project\\impression-server\\models\\post.js": {"path":"D:\\Hacktiv8\\Phase 3\\Final Project\\impression-server\\models\\post.js","statementMap":{"0":{"start":{"line":2,"column":18},"end":{"line":2,"column":38}},"1":{"start":{"line":3,"column":0},"end":{"line":69,"column":2}},"2":{"start":{"line":12,"column":6},"end":{"line":12,"column":60}},"3":{"start":{"line":13,"column":6},"end":{"line":13,"column":60}},"4":{"start":{"line":16,"column":2},"end":{"line":67,"column":4}},"5":{"start":{"line":48,"column":12},"end":{"line":50,"column":13}},"6":{"start":{"line":49,"column":14},"end":{"line":49,"column":79}},"7":{"start":{"line":68,"column":2},"end":{"line":68,"column":14}}},"fnMap":{"0":{"name":"(anonymous_0)","decl":{"start":{"line":3,"column":17},"end":{"line":3,"column":18}},"loc":{"start":{"line":3,"column":43},"end":{"line":69,"column":1}},"line":3},"1":{"name":"(anonymous_1)","decl":{"start":{"line":10,"column":4},"end":{"line":10,"column":5}},"loc":{"start":{"line":10,"column":29},"end":{"line":14,"column":5}},"line":10},"2":{"name":"(anonymous_2)","decl":{"start":{"line":47,"column":10},"end":{"line":47,"column":11}},"loc":{"start":{"line":47,"column":33},"end":{"line":51,"column":11}},"line":47}},"branchMap":{"0":{"loc":{"start":{"line":48,"column":12},"end":{"line":50,"column":13}},"type":"if","locations":[{"start":{"line":48,"column":12},"end":{"line":50,"column":13}},{"start":{},"end":{}}],"line":48},"1":{"loc":{"start":{"line":48,"column":16},"end":{"line":48,"column":59}},"type":"binary-expr","locations":[{"start":{"line":48,"column":16},"end":{"line":48,"column":37}},{"start":{"line":48,"column":41},"end":{"line":48,"column":59}}],"line":48}},"s":{"0":6,"1":6,"2":6,"3":6,"4":6,"5":8,"6":0,"7":6},"f":{"0":6,"1":6,"2":8},"b":{"0":[0,8],"1":[8,8]},"_coverageSchema":"1a1c01bbd47fc00a2c39e90264f33305004495a9","hash":"d526d0fd7d3a37023933d8e167e9c93069033e4b"}
,"D:\\Hacktiv8\\Phase 3\\Final Project\\impression-server\\models\\rating.js": {"path":"D:\\Hacktiv8\\Phase 3\\Final Project\\impression-server\\models\\rating.js","statementMap":{"0":{"start":{"line":2,"column":18},"end":{"line":2,"column":38}},"1":{"start":{"line":3,"column":0},"end":{"line":71,"column":2}},"2":{"start":{"line":12,"column":6},"end":{"line":12,"column":62}},"3":{"start":{"line":13,"column":6},"end":{"line":13,"column":76}},"4":{"start":{"line":16,"column":2},"end":{"line":69,"column":4}},"5":{"start":{"line":40,"column":12},"end":{"line":42,"column":13}},"6":{"start":{"line":41,"column":14},"end":{"line":41,"column":69}},"7":{"start":{"line":70,"column":2},"end":{"line":70,"column":16}}},"fnMap":{"0":{"name":"(anonymous_0)","decl":{"start":{"line":3,"column":17},"end":{"line":3,"column":18}},"loc":{"start":{"line":3,"column":43},"end":{"line":71,"column":1}},"line":3},"1":{"name":"(anonymous_1)","decl":{"start":{"line":10,"column":4},"end":{"line":10,"column":5}},"loc":{"start":{"line":10,"column":29},"end":{"line":14,"column":5}},"line":10},"2":{"name":"(anonymous_2)","decl":{"start":{"line":39,"column":10},"end":{"line":39,"column":11}},"loc":{"start":{"line":39,"column":35},"end":{"line":43,"column":11}},"line":39}},"branchMap":{"0":{"loc":{"start":{"line":40,"column":12},"end":{"line":42,"column":13}},"type":"if","locations":[{"start":{"line":40,"column":12},"end":{"line":42,"column":13}},{"start":{},"end":{}}],"line":40},"1":{"loc":{"start":{"line":40,"column":16},"end":{"line":40,"column":71}},"type":"binary-expr","locations":[{"start":{"line":40,"column":16},"end":{"line":40,"column":37}},{"start":{"line":40,"column":41},"end":{"line":40,"column":71}}],"line":40}},"s":{"0":6,"1":6,"2":6,"3":6,"4":6,"5":8,"6":0,"7":6},"f":{"0":6,"1":6,"2":8},"b":{"0":[0,8],"1":[8,8]},"_coverageSchema":"1a1c01bbd47fc00a2c39e90264f33305004495a9","hash":"7b565d8b49814e19f8c20fc2a6630df73b3e2f05"}
,"D:\\Hacktiv8\\Phase 3\\Final Project\\impression-server\\models\\user.js": {"path":"D:\\Hacktiv8\\Phase 3\\Final Project\\impression-server\\models\\user.js","statementMap":{"0":{"start":{"line":2,"column":18},"end":{"line":2,"column":38}},"1":{"start":{"line":3,"column":25},"end":{"line":3,"column":53}},"2":{"start":{"line":4,"column":0},"end":{"line":91,"column":2}},"3":{"start":{"line":12,"column":6},"end":{"line":12,"column":57}},"4":{"start":{"line":13,"column":6},"end":{"line":13,"column":55}},"5":{"start":{"line":14,"column":6},"end":{"line":17,"column":9}},"6":{"start":{"line":18,"column":6},"end":{"line":18,"column":67}},"7":{"start":{"line":19,"column":6},"end":{"line":19,"column":69}},"8":{"start":{"line":20,"column":6},"end":{"line":23,"column":9}},"9":{"start":{"line":26,"column":2},"end":{"line":84,"column":4}},"10":{"start":{"line":86,"column":2},"end":{"line":88,"column":5}},"11":{"start":{"line":87,"column":4},"end":{"line":87,"column":48}},"12":{"start":{"line":90,"column":2},"end":{"line":90,"column":14}}},"fnMap":{"0":{"name":"(anonymous_0)","decl":{"start":{"line":4,"column":17},"end":{"line":4,"column":18}},"loc":{"start":{"line":4,"column":43},"end":{"line":91,"column":1}},"line":4},"1":{"name":"(anonymous_1)","decl":{"start":{"line":11,"column":4},"end":{"line":11,"column":5}},"loc":{"start":{"line":11,"column":29},"end":{"line":24,"column":5}},"line":11},"2":{"name":"(anonymous_2)","decl":{"start":{"line":86,"column":20},"end":{"line":86,"column":21}},"loc":{"start":{"line":86,"column":38},"end":{"line":88,"column":3}},"line":86}},"branchMap":{},"s":{"0":6,"1":6,"2":6,"3":6,"4":6,"5":6,"6":6,"7":6,"8":6,"9":6,"10":6,"11":26,"12":6},"f":{"0":6,"1":6,"2":26},"b":{},"_coverageSchema":"1a1c01bbd47fc00a2c39e90264f33305004495a9","hash":"fd6936bd6f8b14ec0386b3692e176e88a7f7f7e9"}
,"D:\\Hacktiv8\\Phase 3\\Final Project\\impression-server\\routers\\authRouter.js": {"path":"D:\\Hacktiv8\\Phase 3\\Final Project\\impression-server\\routers\\authRouter.js","statementMap":{"0":{"start":{"line":1,"column":15},"end":{"line":1,"column":42}},"1":{"start":{"line":2,"column":23},"end":{"line":2,"column":63}},"2":{"start":{"line":3,"column":23},"end":{"line":3,"column":63}},"3":{"start":{"line":5,"column":0},"end":{"line":5,"column":44}},"4":{"start":{"line":6,"column":0},"end":{"line":6,"column":50}},"5":{"start":{"line":7,"column":0},"end":{"line":7,"column":53}},"6":{"start":{"line":9,"column":0},"end":{"line":9,"column":24}}},"fnMap":{},"branchMap":{},"s":{"0":6,"1":6,"2":6,"3":6,"4":6,"5":6,"6":6},"f":{},"b":{},"_coverageSchema":"1a1c01bbd47fc00a2c39e90264f33305004495a9","hash":"63cda8f8c5e69730a99b60e1620643bd7d561289"}
,"D:\\Hacktiv8\\Phase 3\\Final Project\\impression-server\\routers\\communityRouter.js": {"path":"D:\\Hacktiv8\\Phase 3\\Final Project\\impression-server\\routers\\communityRouter.js","statementMap":{"0":{"start":{"line":1,"column":15},"end":{"line":1,"column":42}},"1":{"start":{"line":2,"column":28},"end":{"line":2,"column":73}},"2":{"start":{"line":3,"column":23},"end":{"line":3,"column":63}},"3":{"start":{"line":5,"column":0},"end":{"line":5,"column":68}},"4":{"start":{"line":6,"column":0},"end":{"line":6,"column":73}},"5":{"start":{"line":7,"column":0},"end":{"line":7,"column":76}},"6":{"start":{"line":8,"column":0},"end":{"line":12,"column":2}},"7":{"start":{"line":13,"column":0},"end":{"line":17,"column":2}},"8":{"start":{"line":18,"column":0},"end":{"line":22,"column":2}},"9":{"start":{"line":23,"column":0},"end":{"line":23,"column":80}},"10":{"start":{"line":24,"column":0},"end":{"line":28,"column":2}},"11":{"start":{"line":30,"column":0},"end":{"line":30,"column":24}}},"fnMap":{},"branchMap":{},"s":{"0":6,"1":6,"2":6,"3":6,"4":6,"5":6,"6":6,"7":6,"8":6,"9":6,"10":6,"11":6},"f":{},"b":{},"_coverageSchema":"1a1c01bbd47fc00a2c39e90264f33305004495a9","hash":"5393cb08ac8e1510bba3ee5eb84cca092d862829"}
,"D:\\Hacktiv8\\Phase 3\\Final Project\\impression-server\\routers\\cvRouter.js": {"path":"D:\\Hacktiv8\\Phase 3\\Final Project\\impression-server\\routers\\cvRouter.js","statementMap":{"0":{"start":{"line":1,"column":21},"end":{"line":1,"column":59}},"1":{"start":{"line":2,"column":23},"end":{"line":2,"column":63}},"2":{"start":{"line":4,"column":17},"end":{"line":4,"column":44}},"3":{"start":{"line":6,"column":0},"end":{"line":6,"column":53}},"4":{"start":{"line":7,"column":0},"end":{"line":7,"column":60}},"5":{"start":{"line":8,"column":0},"end":{"line":8,"column":62}},"6":{"start":{"line":10,"column":0},"end":{"line":10,"column":26}}},"fnMap":{},"branchMap":{},"s":{"0":6,"1":6,"2":6,"3":6,"4":6,"5":6,"6":6},"f":{},"b":{},"_coverageSchema":"1a1c01bbd47fc00a2c39e90264f33305004495a9","hash":"7acfb00e3421b7cacccd68dbd8d805c2a2b38798"}
,"D:\\Hacktiv8\\Phase 3\\Final Project\\impression-server\\routers\\index.js": {"path":"D:\\Hacktiv8\\Phase 3\\Final Project\\impression-server\\routers\\index.js","statementMap":{"0":{"start":{"line":1,"column":15},"end":{"line":1,"column":42}},"1":{"start":{"line":2,"column":19},"end":{"line":2,"column":42}},"2":{"start":{"line":3,"column":21},"end":{"line":3,"column":46}},"3":{"start":{"line":4,"column":19},"end":{"line":4,"column":42}},"4":{"start":{"line":5,"column":17},"end":{"line":5,"column":38}},"5":{"start":{"line":6,"column":18},"end":{"line":6,"column":40}},"6":{"start":{"line":7,"column":24},"end":{"line":7,"column":52}},"7":{"start":{"line":9,"column":0},"end":{"line":11,"column":3}},"8":{"start":{"line":10,"column":2},"end":{"line":10,"column":40}},"9":{"start":{"line":13,"column":0},"end":{"line":13,"column":32}},"10":{"start":{"line":14,"column":0},"end":{"line":14,"column":37}},"11":{"start":{"line":15,"column":0},"end":{"line":15,"column":33}},"12":{"start":{"line":16,"column":0},"end":{"line":16,"column":44}},"13":{"start":{"line":17,"column":0},"end":{"line":17,"column":28}},"14":{"start":{"line":18,"column":0},"end":{"line":18,"column":30}},"15":{"start":{"line":20,"column":0},"end":{"line":20,"column":24}}},"fnMap":{"0":{"name":"(anonymous_0)","decl":{"start":{"line":9,"column":16},"end":{"line":9,"column":17}},"loc":{"start":{"line":9,"column":30},"end":{"line":11,"column":1}},"line":9}},"branchMap":{},"s":{"0":6,"1":6,"2":6,"3":6,"4":6,"5":6,"6":6,"7":6,"8":0,"9":6,"10":6,"11":6,"12":6,"13":6,"14":6,"15":6},"f":{"0":0},"b":{},"_coverageSchema":"1a1c01bbd47fc00a2c39e90264f33305004495a9","hash":"2f2014c9104ca47a6fe612b31c0c65a9c19b2d62"}
,"D:\\Hacktiv8\\Phase 3\\Final Project\\impression-server\\routers\\jobRouter.js": {"path":"D:\\Hacktiv8\\Phase 3\\Final Project\\impression-server\\routers\\jobRouter.js","statementMap":{"0":{"start":{"line":1,"column":22},"end":{"line":1,"column":61}},"1":{"start":{"line":2,"column":23},"end":{"line":2,"column":63}},"2":{"start":{"line":4,"column":18},"end":{"line":4,"column":45}},"3":{"start":{"line":6,"column":0},"end":{"line":6,"column":68}},"4":{"start":{"line":8,"column":0},"end":{"line":8,"column":26}}},"fnMap":{},"branchMap":{},"s":{"0":6,"1":6,"2":6,"3":6,"4":6},"f":{},"b":{},"_coverageSchema":"1a1c01bbd47fc00a2c39e90264f33305004495a9","hash":"6924f845e825d546e92af54b2081b8b35b5e1505"}
,"D:\\Hacktiv8\\Phase 3\\Final Project\\impression-server\\routers\\postRouter.js": {"path":"D:\\Hacktiv8\\Phase 3\\Final Project\\impression-server\\routers\\postRouter.js","statementMap":{"0":{"start":{"line":1,"column":15},"end":{"line":1,"column":42}},"1":{"start":{"line":2,"column":23},"end":{"line":2,"column":63}},"2":{"start":{"line":3,"column":15},"end":{"line":3,"column":43}},"3":{"start":{"line":4,"column":23},"end":{"line":4,"column":63}},"4":{"start":{"line":6,"column":0},"end":{"line":6,"column":60}},"5":{"start":{"line":7,"column":0},"end":{"line":7,"column":65}},"6":{"start":{"line":8,"column":0},"end":{"line":13,"column":2}},"7":{"start":{"line":14,"column":0},"end":{"line":19,"column":2}},"8":{"start":{"line":20,"column":0},"end":{"line":24,"column":2}},"9":{"start":{"line":25,"column":0},"end":{"line":29,"column":2}},"10":{"start":{"line":31,"column":0},"end":{"line":31,"column":24}}},"fnMap":{},"branchMap":{},"s":{"0":6,"1":6,"2":6,"3":6,"4":6,"5":6,"6":6,"7":6,"8":6,"9":6,"10":6},"f":{},"b":{},"_coverageSchema":"1a1c01bbd47fc00a2c39e90264f33305004495a9","hash":"195fb72dd519186b6c3da59a587e1fb777eb4662"}
,"D:\\Hacktiv8\\Phase 3\\Final Project\\impression-server\\routers\\ratingRouter.js": {"path":"D:\\Hacktiv8\\Phase 3\\Final Project\\impression-server\\routers\\ratingRouter.js","statementMap":{"0":{"start":{"line":1,"column":15},"end":{"line":1,"column":42}},"1":{"start":{"line":2,"column":25},"end":{"line":2,"column":67}},"2":{"start":{"line":3,"column":23},"end":{"line":3,"column":63}},"3":{"start":{"line":5,"column":0},"end":{"line":5,"column":64}},"4":{"start":{"line":7,"column":0},"end":{"line":7,"column":24}}},"fnMap":{},"branchMap":{},"s":{"0":6,"1":6,"2":6,"3":6,"4":6},"f":{},"b":{},"_coverageSchema":"1a1c01bbd47fc00a2c39e90264f33305004495a9","hash":"f199953c06a09ab684f4488e09f9e5b91c2155c9"}
}
