TN:
SF:app.js
FNF:0
FNH:0
DA:1,6
DA:2,6
DA:4,6
DA:5,6
DA:6,6
DA:7,6
DA:9,6
DA:11,6
DA:15,6
DA:16,6
DA:17,6
DA:19,6
DA:21,6
DA:22,6
DA:24,6
LF:15
LH:15
BRDA:1,0,0,6
BRDA:1,0,1,0
BRF:2
BRH:1
end_of_record
TN:
SF:controllers\authController.js
FN:6,(anonymous_0)
FN:40,(anonymous_1)
FN:53,(anonymous_2)
FNF:3
FNH:3
FNDA:6,(anonymous_0)
FNDA:6,(anonymous_1)
FNDA:1,(anonymous_2)
DA:1,6
DA:2,6
DA:3,6
DA:7,6
DA:8,6
DA:10,6
DA:11,5
DA:12,1
DA:14,4
DA:15,3
DA:16,1
DA:18,2
DA:19,2
DA:20,1
DA:22,1
DA:27,1
DA:28,1
DA:34,1
DA:36,5
DA:41,6
DA:42,6
DA:43,6
DA:45,1
DA:49,5
DA:54,1
DA:55,1
DA:59,1
DA:61,1
DA:63,0
DA:68,6
LF:30
LH:29
BRDA:10,0,0,1
BRDA:10,0,1,5
BRDA:11,1,0,1
BRDA:11,1,1,4
BRDA:15,2,0,1
BRDA:15,2,1,2
BRDA:19,3,0,1
BRDA:19,3,1,1
BRDA:31,4,0,0
BRDA:31,4,1,1
BRDA:59,5,0,0
BRDA:59,5,1,1
BRF:12
BRH:10
end_of_record
TN:
SF:controllers\communityController.js
FN:24,(anonymous_0)
FN:77,(anonymous_1)
FN:137,(anonymous_2)
FN:197,(anonymous_3)
FN:218,(anonymous_4)
FN:220,(anonymous_5)
FN:223,(anonymous_6)
FN:229,(anonymous_7)
FN:230,(anonymous_8)
FN:234,(anonymous_9)
FN:255,(anonymous_10)
FN:256,(anonymous_11)
FN:263,(anonymous_12)
FN:274,(anonymous_13)
FN:312,(anonymous_14)
FN:354,(anonymous_15)
FN:396,(anonymous_16)
FN:438,(anonymous_17)
FN:488,(anonymous_18)
FNF:19
FNH:17
FNDA:3,(anonymous_0)
FNDA:3,(anonymous_1)
FNDA:4,(anonymous_2)
FNDA:6,(anonymous_3)
FNDA:2,(anonymous_4)
FNDA:4,(anonymous_5)
FNDA:4,(anonymous_6)
FNDA:4,(anonymous_7)
FNDA:4,(anonymous_8)
FNDA:12,(anonymous_9)
FNDA:0,(anonymous_10)
FNDA:0,(anonymous_11)
FNDA:2,(anonymous_12)
FNDA:2,(anonymous_13)
FNDA:4,(anonymous_14)
FNDA:4,(anonymous_15)
FNDA:4,(anonymous_16)
FNDA:3,(anonymous_17)
FNDA:3,(anonymous_18)
DA:9,6
DA:10,6
DA:25,3
DA:26,3
DA:28,3
DA:29,3
DA:30,3
DA:32,3
DA:58,3
DA:60,0
DA:78,3
DA:79,3
DA:80,3
DA:90,3
DA:91,1
DA:95,2
DA:100,2
DA:104,2
DA:106,2
DA:112,1
DA:138,4
DA:139,4
DA:140,4
DA:142,4
DA:163,4
DA:164,1
DA:168,3
DA:172,3
DA:173,1
DA:180,2
DA:183,2
DA:184,2
DA:185,1
DA:197,6
DA:200,2
DA:216,2
DA:218,2
DA:219,2
DA:220,4
DA:222,2
DA:224,4
DA:229,2
DA:230,4
DA:231,4
DA:232,4
DA:234,12
DA:239,2
DA:246,2
DA:255,2
DA:256,2
DA:260,2
DA:263,2
DA:270,2
DA:274,2
DA:282,2
DA:286,2
DA:299,2
DA:313,4
DA:314,4
DA:315,4
DA:317,4
DA:318,4
DA:319,1
DA:323,3
DA:327,3
DA:328,2
DA:329,1
DA:330,1
DA:331,1
DA:335,1
DA:340,1
DA:342,3
DA:355,4
DA:356,4
DA:358,4
DA:359,4
DA:360,1
DA:364,3
DA:365,1
DA:371,2
DA:375,2
DA:376,1
DA:379,1
DA:381,1
DA:383,3
DA:397,4
DA:398,4
DA:400,4
DA:401,4
DA:402,1
DA:406,3
DA:407,1
DA:413,2
DA:417,2
DA:418,1
DA:422,1
DA:424,1
DA:426,3
DA:439,3
DA:440,3
DA:441,3
DA:442,3
DA:443,1
DA:447,2
DA:448,2
DA:452,2
DA:453,1
DA:459,1
DA:470,1
DA:472,2
DA:489,3
DA:490,3
DA:491,3
DA:492,3
DA:493,1
DA:497,2
DA:498,2
DA:502,2
DA:503,1
DA:509,1
DA:510,1
DA:517,1
DA:519,2
DA:524,6
LF:124
LH:123
BRDA:29,0,0,1
BRDA:29,0,1,2
BRDA:30,1,0,1
BRDA:30,1,1,2
BRDA:90,2,0,1
BRDA:90,2,1,2
BRDA:104,3,0,2
BRDA:104,3,1,0
BRDA:163,4,0,1
BRDA:163,4,1,3
BRDA:172,5,0,1
BRDA:172,5,1,2
BRDA:184,6,0,1
BRDA:184,6,1,1
BRDA:224,7,0,4
BRDA:224,7,1,2
BRDA:231,8,0,0
BRDA:231,8,1,4
BRDA:260,9,0,2
BRDA:260,9,1,0
BRDA:270,10,0,2
BRDA:270,10,1,0
BRDA:318,11,0,1
BRDA:318,11,1,3
BRDA:327,12,0,2
BRDA:327,12,1,1
BRDA:328,13,0,1
BRDA:328,13,1,1
BRDA:330,14,0,1
BRDA:330,14,1,0
BRDA:359,15,0,1
BRDA:359,15,1,3
BRDA:364,16,0,1
BRDA:364,16,1,2
BRDA:375,17,0,1
BRDA:375,17,1,1
BRDA:401,18,0,1
BRDA:401,18,1,3
BRDA:406,19,0,1
BRDA:406,19,1,2
BRDA:417,20,0,1
BRDA:417,20,1,1
BRDA:442,21,0,1
BRDA:442,21,1,2
BRDA:452,22,0,1
BRDA:452,22,1,1
BRDA:492,23,0,1
BRDA:492,23,1,2
BRDA:502,24,0,1
BRDA:502,24,1,1
BRF:50
BRH:45
end_of_record
TN:
SF:controllers\cvController.js
FN:5,(anonymous_0)
FN:147,(anonymous_1)
FN:199,(anonymous_2)
FN:262,(anonymous_3)
FNF:4
FNH:4
FNDA:20,(anonymous_0)
FNDA:19,(anonymous_1)
FNDA:4,(anonymous_2)
FNDA:2,(anonymous_3)
DA:1,6
DA:6,20
DA:7,20
DA:8,20
DA:9,1
DA:10,19
DA:11,1
DA:12,18
DA:13,1
DA:14,17
DA:15,1
DA:16,17
DA:17,17
DA:18,17
DA:20,17
DA:21,1
DA:25,16
DA:26,1
DA:28,15
DA:29,1
DA:34,14
DA:35,1
DA:40,13
DA:49,13
DA:60,13
DA:61,13
DA:62,13
DA:63,1
DA:64,12
DA:65,1
DA:66,11
DA:67,1
DA:68,10
DA:69,1
DA:70,10
DA:71,9
DA:72,9
DA:73,9
DA:75,9
DA:76,1
DA:77,8
DA:78,1
DA:80,7
DA:81,1
DA:85,6
DA:86,1
DA:91,5
DA:100,5
DA:111,5
DA:112,5
DA:113,12
DA:117,4
DA:118,4
DA:148,19
DA:149,19
DA:150,19
DA:151,19
DA:152,19
DA:153,1
DA:155,18
DA:161,18
DA:162,18
DA:163,2
DA:164,2
DA:165,2
DA:166,2
DA:168,17
DA:200,4
DA:201,4
DA:202,4
DA:204,4
DA:205,4
DA:206,4
DA:207,1
DA:209,3
DA:210,3
DA:212,2
DA:213,1
DA:216,2
DA:217,1
DA:220,2
DA:221,2
DA:224,2
DA:225,2
DA:226,2
DA:227,2
DA:228,2
DA:229,2
DA:231,2
DA:263,2
DA:264,2
DA:265,2
DA:268,2
DA:270,1
DA:272,1
DA:277,6
LF:96
LH:96
BRDA:6,0,0,20
BRDA:6,0,1,0
BRDA:8,1,0,1
BRDA:8,1,1,19
BRDA:10,2,0,1
BRDA:10,2,1,18
BRDA:12,3,0,1
BRDA:12,3,1,17
BRDA:14,4,0,1
BRDA:14,4,1,16
BRDA:14,5,0,17
BRDA:14,5,1,17
BRDA:18,6,0,1
BRDA:18,6,1,16
BRDA:20,7,0,1
BRDA:20,7,1,16
BRDA:25,8,0,1
BRDA:25,8,1,15
BRDA:28,9,0,1
BRDA:28,9,1,14
BRDA:34,10,0,1
BRDA:34,10,1,13
BRDA:50,11,0,1
BRDA:50,11,1,12
BRDA:60,12,0,13
BRDA:60,12,1,0
BRDA:62,13,0,1
BRDA:62,13,1,12
BRDA:64,14,0,1
BRDA:64,14,1,11
BRDA:66,15,0,1
BRDA:66,15,1,10
BRDA:68,16,0,1
BRDA:68,16,1,9
BRDA:68,17,0,10
BRDA:68,17,1,10
BRDA:70,18,0,1
BRDA:70,18,1,9
BRDA:73,19,0,1
BRDA:73,19,1,8
BRDA:75,20,0,1
BRDA:75,20,1,8
BRDA:77,21,0,1
BRDA:77,21,1,7
BRDA:80,22,0,1
BRDA:80,22,1,6
BRDA:85,23,0,1
BRDA:85,23,1,5
BRDA:101,24,0,1
BRDA:101,24,1,4
BRDA:111,25,0,5
BRDA:111,25,1,0
BRDA:113,26,0,1
BRDA:113,26,1,11
BRDA:151,27,0,0
BRDA:151,27,1,19
BRDA:152,28,0,1
BRDA:152,28,1,18
BRDA:156,29,0,18
BRDA:156,29,1,0
BRDA:157,30,0,18
BRDA:157,30,1,0
BRDA:158,31,0,18
BRDA:158,31,1,0
BRDA:205,32,0,0
BRDA:205,32,1,4
BRDA:206,33,0,1
BRDA:206,33,1,3
BRDA:210,34,0,1
BRDA:210,34,1,2
BRDA:212,35,0,1
BRDA:212,35,1,1
BRDA:216,36,0,1
BRDA:216,36,1,1
BRDA:220,37,0,2
BRDA:220,37,1,0
BRDA:268,38,0,1
BRDA:268,38,1,1
BRF:78
BRH:69
end_of_record
TN:
SF:controllers\jobController.js
FN:6,(anonymous_0)
FNF:1
FNH:1
FNDA:2,(anonymous_0)
DA:1,6
DA:2,6
DA:3,6
DA:7,2
DA:8,2
DA:9,2
DA:10,2
DA:11,2
DA:13,2
DA:15,1
DA:16,0
DA:19,1
DA:20,1
DA:26,1
DA:27,0
DA:30,1
DA:41,1
DA:43,1
DA:44,0
DA:53,1
DA:58,6
LF:21
LH:18
BRDA:13,0,0,1
BRDA:13,0,1,1
BRDA:15,1,0,0
BRDA:15,1,1,1
BRDA:21,2,0,1
BRDA:21,2,1,1
BRDA:26,3,0,0
BRDA:26,3,1,1
BRDA:43,4,0,0
BRDA:43,4,1,1
BRDA:47,5,0,0
BRDA:47,5,1,0
BRDA:47,5,2,0
BRF:13
BRH:7
end_of_record
TN:
SF:controllers\postController.js
FN:25,(anonymous_0)
FN:60,(anonymous_1)
FN:117,(anonymous_2)
FN:144,(anonymous_3)
FN:148,(anonymous_4)
FN:152,(anonymous_5)
FN:156,(anonymous_6)
FN:190,(anonymous_7)
FN:263,(anonymous_8)
FN:305,(anonymous_9)
FN:308,(anonymous_10)
FN:344,(anonymous_11)
FN:351,(anonymous_12)
FN:352,(anonymous_13)
FN:356,(anonymous_14)
FN:370,(anonymous_15)
FN:404,(anonymous_16)
FNF:17
FNH:13
FNDA:2,(anonymous_0)
FNDA:4,(anonymous_1)
FNDA:2,(anonymous_2)
FNDA:0,(anonymous_3)
FNDA:0,(anonymous_4)
FNDA:0,(anonymous_5)
FNDA:0,(anonymous_6)
FNDA:6,(anonymous_7)
FNDA:5,(anonymous_8)
FNDA:1,(anonymous_9)
FNDA:9,(anonymous_10)
FNDA:1,(anonymous_11)
FNDA:1,(anonymous_12)
FNDA:1,(anonymous_13)
FNDA:3,(anonymous_14)
FNDA:1,(anonymous_15)
FNDA:4,(anonymous_16)
DA:1,6
DA:2,6
DA:6,6
DA:7,6
DA:8,6
DA:26,2
DA:27,2
DA:28,2
DA:29,1
DA:32,1
DA:33,1
DA:35,1
DA:61,4
DA:62,4
DA:63,4
DA:64,1
DA:70,3
DA:71,3
DA:72,1
DA:78,2
DA:79,1
DA:80,1
DA:82,1
DA:84,1
DA:85,1
DA:92,1
DA:93,1
DA:95,3
DA:118,2
DA:119,2
DA:120,2
DA:124,2
DA:125,1
DA:128,1
DA:139,1
DA:142,1
DA:145,0
DA:148,0
DA:152,0
DA:156,0
DA:163,1
DA:165,1
DA:191,6
DA:192,6
DA:193,6
DA:199,6
DA:200,1
DA:203,5
DA:204,5
DA:205,1
DA:211,4
DA:212,1
DA:213,1
DA:215,1
DA:216,1
DA:219,4
DA:224,4
DA:229,4
DA:230,2
DA:233,4
DA:234,4
DA:236,4
DA:237,4
DA:238,4
DA:240,2
DA:264,5
DA:265,5
DA:267,5
DA:300,5
DA:305,5
DA:307,5
DA:308,9
DA:312,5
DA:314,5
DA:315,5
DA:318,0
DA:319,0
DA:322,5
DA:323,0
DA:333,5
DA:334,5
DA:337,5
DA:343,5
DA:345,1
DA:350,5
DA:351,1
DA:352,1
DA:356,3
DA:363,5
DA:370,1
DA:385,0
DA:405,4
DA:406,4
DA:408,4
DA:409,4
DA:415,1
DA:421,3
DA:422,3
DA:423,1
DA:424,2
DA:425,1
DA:427,1
DA:433,1
DA:434,1
DA:435,1
DA:436,1
DA:438,3
DA:443,6
LF:108
LH:100
BRDA:28,0,0,1
BRDA:28,0,1,1
BRDA:63,1,0,1
BRDA:63,1,1,3
BRDA:71,2,0,1
BRDA:71,2,1,2
BRDA:78,3,0,1
BRDA:78,3,1,1
BRDA:124,4,0,1
BRDA:124,4,1,1
BRDA:145,5,0,0
BRDA:145,5,1,0
BRDA:199,6,0,1
BRDA:199,6,1,5
BRDA:204,7,0,1
BRDA:204,7,1,4
BRDA:211,8,0,1
BRDA:211,8,1,3
BRDA:224,9,0,4
BRDA:224,9,1,3
BRDA:224,9,2,2
BRDA:224,9,3,2
BRDA:229,10,0,2
BRDA:229,10,1,2
BRDA:233,11,0,3
BRDA:233,11,1,1
BRDA:234,12,0,4
BRDA:234,12,1,0
BRDA:270,13,0,5
BRDA:270,13,1,1
BRDA:270,13,2,1
BRDA:314,14,0,5
BRDA:314,14,1,0
BRDA:322,15,0,0
BRDA:322,15,1,5
BRDA:345,16,0,1
BRDA:345,16,1,0
BRDA:409,17,0,1
BRDA:409,17,1,3
BRDA:410,18,0,4
BRDA:410,18,1,3
BRDA:410,18,2,3
BRDA:410,18,3,3
BRDA:422,19,0,1
BRDA:422,19,1,2
BRDA:424,20,0,1
BRDA:424,20,1,1
BRDA:424,21,0,2
BRDA:424,21,1,1
BRF:49
BRH:43
end_of_record
TN:
SF:controllers\ratingController.js
FN:21,(anonymous_0)
FN:38,(anonymous_1)
FNF:2
FNH:2
FNDA:10,(anonymous_0)
FNDA:20,(anonymous_1)
DA:1,6
DA:22,10
DA:23,10
DA:24,10
DA:25,1
DA:28,9
DA:29,9
DA:30,1
DA:33,8
DA:34,1
DA:37,7
DA:38,20
DA:40,7
DA:41,1
DA:47,6
DA:48,1
DA:54,5
DA:55,1
DA:62,4
DA:63,4
DA:64,1
DA:66,3
DA:69,3
DA:70,1
DA:75,4
DA:77,4
DA:81,4
DA:83,1
DA:88,1
DA:89,1
DA:92,3
DA:99,3
DA:100,3
DA:103,6
DA:108,6
LF:35
LH:35
BRDA:24,0,0,1
BRDA:24,0,1,9
BRDA:29,1,0,1
BRDA:29,1,1,8
BRDA:33,2,0,1
BRDA:33,2,1,7
BRDA:38,3,0,20
BRDA:38,3,1,20
BRDA:38,3,2,20
BRDA:40,4,0,1
BRDA:40,4,1,6
BRDA:47,5,0,1
BRDA:47,5,1,5
BRDA:54,6,0,1
BRDA:54,6,1,4
BRDA:63,7,0,1
BRDA:63,7,1,3
BRDA:69,8,0,1
BRDA:69,8,1,2
BRDA:69,9,0,3
BRDA:69,9,1,3
BRDA:75,10,0,2
BRDA:75,10,1,2
BRDA:75,11,0,2
BRDA:75,11,1,0
BRDA:81,12,0,1
BRDA:81,12,1,3
BRF:27
BRH:26
end_of_record
TN:
SF:helpers\bcrypt.js
FN:3,(anonymous_0)
FN:9,(anonymous_1)
FNF:2
FNH:2
FNDA:26,(anonymous_0)
FNDA:2,(anonymous_1)
DA:1,6
DA:3,6
DA:4,26
DA:5,26
DA:6,26
DA:9,6
DA:10,2
DA:13,6
LF:8
LH:8
BRF:0
BRH:0
end_of_record
TN:
SF:helpers\cloudinary.js
FNF:0
FNH:0
DA:1,4
DA:3,4
DA:9,4
LF:3
LH:3
BRF:0
BRH:0
end_of_record
TN:
SF:helpers\gemini.js
FN:5,(anonymous_0)
FN:13,(anonymous_1)
FN:19,(anonymous_2)
FN:30,(anonymous_3)
FNF:4
FNH:0
FNDA:0,(anonymous_0)
FNDA:0,(anonymous_1)
FNDA:0,(anonymous_2)
FNDA:0,(anonymous_3)
DA:1,5
DA:3,5
DA:5,5
DA:6,0
DA:10,0
DA:13,5
DA:14,0
DA:15,0
DA:16,0
DA:19,5
DA:20,0
DA:26,0
DA:27,0
DA:30,5
DA:31,0
DA:53,0
DA:54,0
DA:57,5
LF:18
LH:7
BRF:0
BRH:0
end_of_record
TN:
SF:helpers\jwt.js
FN:3,(anonymous_0)
FN:7,(anonymous_1)
FNF:2
FNH:2
FNDA:23,(anonymous_0)
FNDA:90,(anonymous_1)
DA:1,6
DA:3,6
DA:4,23
DA:7,6
DA:8,90
DA:11,6
LF:6
LH:6
BRF:0
BRH:0
end_of_record
TN:
SF:helpers\multer.js
FNF:0
FNH:0
DA:1,6
DA:3,6
DA:5,6
LF:3
LH:3
BRF:0
BRH:0
end_of_record
TN:
SF:helpers\ratingHelper.js
FN:1,(anonymous_0)
FN:3,(anonymous_1)
FN:5,(anonymous_2)
FN:11,(anonymous_3)
FN:12,(anonymous_4)
FN:14,(anonymous_5)
FN:15,(anonymous_6)
FN:19,(anonymous_7)
FNF:8
FNH:8
FNDA:6,(anonymous_0)
FNDA:1,(anonymous_1)
FNDA:1,(anonymous_2)
FNDA:12,(anonymous_3)
FNDA:36,(anonymous_4)
FNDA:3,(anonymous_5)
FNDA:3,(anonymous_6)
FNDA:3,(anonymous_7)
DA:1,6
DA:3,6
DA:4,6
DA:6,1
DA:11,6
DA:12,12
DA:13,36
DA:14,3
DA:15,3
DA:18,36
DA:19,3
DA:22,36
DA:30,6
DA:36,6
LF:14
LH:14
BRDA:1,0,0,0
BRDA:1,1,0,0
BRDA:6,2,0,1
BRDA:6,2,1,0
BRDA:18,3,0,3
BRDA:18,3,1,33
BRF:6
BRH:3
end_of_record
TN:
SF:middlewares\authentication.js
FN:4,(anonymous_0)
FNF:1
FNH:1
FNDA:110,(anonymous_0)
DA:1,6
DA:2,6
DA:4,6
DA:5,110
DA:6,110
DA:7,110
DA:8,20
DA:11,90
DA:12,89
DA:13,89
DA:14,0
DA:17,89
DA:18,89
DA:20,21
DA:24,6
LF:15
LH:14
BRDA:7,0,0,20
BRDA:7,0,1,90
BRDA:13,1,0,0
BRDA:13,1,1,89
BRF:4
BRH:3
end_of_record
TN:
SF:middlewares\errorHandler.js
FN:1,(anonymous_0)
FNF:1
FNH:1
FNDA:84,(anonymous_0)
DA:1,6
DA:2,84
DA:4,84
DA:6,84
DA:8,4
DA:9,4
DA:11,1
DA:12,1
DA:14,0
DA:15,0
DA:17,30
DA:18,30
DA:20,22
DA:21,22
DA:23,15
DA:24,15
DA:26,10
DA:27,10
DA:29,1
DA:30,1
DA:32,1
DA:33,1
DA:37,6
LF:23
LH:21
BRDA:6,0,0,4
BRDA:6,0,1,1
BRDA:6,0,2,0
BRDA:6,0,3,30
BRDA:6,0,4,22
BRDA:6,0,5,15
BRDA:6,0,6,10
BRDA:6,0,7,1
BRDA:6,0,8,1
BRF:9
BRH:8
end_of_record
TN:
SF:models\community.js
FN:3,(anonymous_0)
FN:10,(anonymous_1)
FNF:2
FNH:2
FNDA:6,(anonymous_0)
FNDA:6,(anonymous_1)
DA:2,6
DA:3,6
DA:12,6
DA:16,6
DA:19,6
DA:24,6
DA:57,6
LF:7
LH:7
BRF:0
BRH:0
end_of_record
TN:
SF:models\communitymember.js
FN:3,(anonymous_0)
FN:10,(anonymous_1)
FNF:2
FNH:2
FNDA:6,(anonymous_0)
FNDA:6,(anonymous_1)
DA:2,6
DA:3,6
DA:12,6
DA:13,6
DA:18,6
DA:54,6
LF:6
LH:6
BRF:0
BRH:0
end_of_record
TN:
SF:models\communitypost.js
FN:3,(anonymous_0)
FN:10,(anonymous_1)
FNF:2
FNH:2
FNDA:6,(anonymous_0)
FNDA:6,(anonymous_1)
DA:2,6
DA:3,6
DA:12,6
DA:13,6
DA:16,6
DA:56,6
LF:6
LH:6
BRF:0
BRH:0
end_of_record
TN:
SF:models\cv.js
FN:3,(anonymous_0)
FN:10,(anonymous_1)
FNF:2
FNH:2
FNDA:6,(anonymous_0)
FNDA:6,(anonymous_1)
DA:2,6
DA:3,6
DA:12,6
DA:15,6
DA:47,6
LF:5
LH:5
BRF:0
BRH:0
end_of_record
TN:
SF:models\index.js
FN:21,(anonymous_0)
FN:29,(anonymous_1)
FN:34,(anonymous_2)
FNF:3
FNH:3
FNDA:48,(anonymous_0)
FNDA:42,(anonymous_1)
FNDA:42,(anonymous_2)
DA:3,6
DA:4,6
DA:5,6
DA:6,6
DA:7,6
DA:8,6
DA:9,6
DA:10,6
DA:13,6
DA:14,0
DA:16,6
DA:19,6
DA:22,48
DA:30,42
DA:31,42
DA:34,6
DA:35,42
DA:36,42
DA:40,6
DA:41,6
DA:43,6
LF:21
LH:20
BRDA:8,0,0,6
BRDA:8,0,1,0
BRDA:13,1,0,0
BRDA:13,1,1,6
BRDA:23,2,0,48
BRDA:23,2,1,48
BRDA:23,2,2,42
BRDA:23,2,3,42
BRDA:35,3,0,42
BRDA:35,3,1,0
BRF:10
BRH:7
end_of_record
TN:
SF:models\post.js
FN:3,(anonymous_0)
FN:10,(anonymous_1)
FN:47,(anonymous_2)
FNF:3
FNH:3
FNDA:6,(anonymous_0)
FNDA:6,(anonymous_1)
FNDA:8,(anonymous_2)
DA:2,6
DA:3,6
DA:12,6
DA:13,6
DA:16,6
DA:48,8
DA:49,0
DA:68,6
LF:8
LH:7
BRDA:48,0,0,0
BRDA:48,0,1,8
BRDA:48,1,0,8
BRDA:48,1,1,8
BRF:4
BRH:3
end_of_record
TN:
SF:models\rating.js
FN:3,(anonymous_0)
FN:10,(anonymous_1)
FN:39,(anonymous_2)
FNF:3
FNH:3
FNDA:6,(anonymous_0)
FNDA:6,(anonymous_1)
FNDA:8,(anonymous_2)
DA:2,6
DA:3,6
DA:12,6
DA:13,6
DA:16,6
DA:40,8
DA:41,0
DA:70,6
LF:8
LH:7
BRDA:40,0,0,0
BRDA:40,0,1,8
BRDA:40,1,0,8
BRDA:40,1,1,8
BRF:4
BRH:3
end_of_record
TN:
SF:models\user.js
FN:4,(anonymous_0)
FN:11,(anonymous_1)
FN:86,(anonymous_2)
FNF:3
FNH:3
FNDA:6,(anonymous_0)
FNDA:6,(anonymous_1)
FNDA:26,(anonymous_2)
DA:2,6
DA:3,6
DA:4,6
DA:12,6
DA:13,6
DA:14,6
DA:18,6
DA:19,6
DA:20,6
DA:26,6
DA:86,6
DA:87,26
DA:90,6
LF:13
LH:13
BRF:0
BRH:0
end_of_record
TN:
SF:routers\authRouter.js
FNF:0
FNH:0
DA:1,6
DA:2,6
DA:3,6
DA:5,6
DA:6,6
DA:7,6
DA:9,6
LF:7
LH:7
BRF:0
BRH:0
end_of_record
TN:
SF:routers\communityRouter.js
FNF:0
FNH:0
DA:1,6
DA:2,6
DA:3,6
DA:5,6
DA:6,6
DA:7,6
DA:8,6
DA:13,6
DA:18,6
DA:23,6
DA:24,6
DA:30,6
LF:12
LH:12
BRF:0
BRH:0
end_of_record
TN:
SF:routers\cvRouter.js
FNF:0
FNH:0
DA:1,6
DA:2,6
DA:4,6
DA:6,6
DA:7,6
DA:8,6
DA:10,6
LF:7
LH:7
BRF:0
BRH:0
end_of_record
TN:
SF:routers\index.js
FN:9,(anonymous_0)
FNF:1
FNH:0
FNDA:0,(anonymous_0)
DA:1,6
DA:2,6
DA:3,6
DA:4,6
DA:5,6
DA:6,6
DA:7,6
DA:9,6
DA:10,0
DA:13,6
DA:14,6
DA:15,6
DA:16,6
DA:17,6
DA:18,6
DA:20,6
LF:16
LH:15
BRF:0
BRH:0
end_of_record
TN:
SF:routers\jobRouter.js
FNF:0
FNH:0
DA:1,6
DA:2,6
DA:4,6
DA:6,6
DA:8,6
LF:5
LH:5
BRF:0
BRH:0
end_of_record
TN:
SF:routers\postRouter.js
FNF:0
FNH:0
DA:1,6
DA:2,6
DA:3,6
DA:4,6
DA:6,6
DA:7,6
DA:8,6
DA:14,6
DA:20,6
DA:25,6
DA:31,6
LF:11
LH:11
BRF:0
BRH:0
end_of_record
TN:
SF:routers\ratingRouter.js
FNF:0
FNH:0
DA:1,6
DA:2,6
DA:3,6
DA:5,6
DA:7,6
LF:5
LH:5
BRF:0
BRH:0
end_of_record
